Log file open, 04/26/22 10:34:44
LogWindows: Failed to load 'aqProf.dll' (GetLastError=126)
LogWindows: File 'aqProf.dll' does not exist
LogWindows: Failed to load 'VtuneApi.dll' (GetLastError=126)
LogWindows: File 'VtuneApi.dll' does not exist
LogWindows: Failed to load 'VtuneApi32e.dll' (GetLastError=126)
LogWindows: File 'VtuneApi32e.dll' does not exist
LogConsoleResponse: Display: Failed to find resolution value strings in scalability ini. Falling back to default.
LogConsoleResponse: Display: Failed to find resolution value strings in scalability ini. Falling back to default.
LogInit: Display: Running engine for game: PuzzleGameTemplate
LogPlatformFile: Not using cached read wrapper
LogTaskGraph: Started task graph with 5 named threads and 35 total threads with 3 sets of task threads.
LogStats: Stats thread started at 0.467644
LogICUInternationalization: ICU TimeZone Detection - Raw Offset: -5:00, Platform Override: ''
LogInit: Display: Loading text-based GConfig....
LogPluginManager: Mounting plugin MeshPainting
LogPluginManager: Mounting plugin XGEController
LogPluginManager: Mounting plugin Paper2D
LogPluginManager: Mounting plugin AISupport
LogPluginManager: Mounting plugin EnvironmentQueryEditor
LogPluginManager: Mounting plugin LightPropagationVolume
LogPluginManager: Mounting plugin CameraShakePreviewer
LogPluginManager: Mounting plugin GameplayCameras
LogPluginManager: Mounting plugin LiveLink
LogPluginManager: Mounting plugin OodleData
LogPluginManager: Mounting plugin OodleNetwork
LogPluginManager: Mounting plugin AnimationSharing
LogPluginManager: Mounting plugin CLionSourceCodeAccess
LogPluginManager: Mounting plugin GitSourceControl
LogPluginManager: Mounting plugin NullSourceCodeAccess
LogPluginManager: Mounting plugin KDevelopSourceCodeAccess
LogPluginManager: Mounting plugin PerforceSourceControl
LogPluginManager: Mounting plugin PixWinPlugin
LogPluginManager: Mounting plugin PlasticSourceControl
LogPluginManager: Mounting plugin PluginUtils
LogPluginManager: Mounting plugin PropertyAccessNode
LogPluginManager: Mounting plugin RiderSourceCodeAccess
LogPluginManager: Mounting plugin SubversionSourceControl
LogPluginManager: Mounting plugin TextureFormatOodle
LogPluginManager: Mounting plugin UObjectPlugin
LogPluginManager: Mounting plugin CryptoKeys
LogPluginManager: Mounting plugin CurveEditorTools
LogPluginManager: Mounting plugin VisualStudioCodeSourceCodeAccess
LogPluginManager: Mounting plugin FacialAnimation
LogPluginManager: Mounting plugin GameplayTagsEditor
LogPluginManager: Mounting plugin GeometryMode
LogPluginManager: Mounting plugin VisualStudioSourceCodeAccess
LogPluginManager: Mounting plugin MaterialAnalyzer
LogPluginManager: Mounting plugin MacGraphicsSwitching
LogPluginManager: Mounting plugin MobileLauncherProfileWizard
LogPluginManager: Mounting plugin DataValidation
LogPluginManager: Mounting plugin PluginBrowser
LogPluginManager: Mounting plugin XCodeSourceCodeAccess
LogPluginManager: Mounting plugin SpeedTreeImporter
LogPluginManager: Mounting plugin AlembicImporter
LogPluginManager: Mounting plugin AutomationUtils
LogPluginManager: Mounting plugin BackChannel
LogPluginManager: Mounting plugin ChaosCloth
LogPluginManager: Mounting plugin ChaosEditor
LogPluginManager: Mounting plugin ChaosNiagara
LogPluginManager: Mounting plugin ChaosClothEditor
LogPluginManager: Mounting plugin CharacterAI
LogPluginManager: Mounting plugin Niagara
LogPluginManager: Mounting plugin GeometryCache
LogPluginManager: Mounting plugin GeometryCollectionPlugin
LogPluginManager: Mounting plugin CodeLiteSourceCodeAccess
LogPluginManager: Mounting plugin VariantManagerContent
LogPluginManager: Mounting plugin GeometryProcessing
LogPluginManager: Mounting plugin MotoSynth
LogPluginManager: Mounting plugin PlanarCut
LogPluginManager: Mounting plugin AssetManagerEditor
LogPluginManager: Mounting plugin PlatformCrypto
LogPluginManager: Mounting plugin ProxyLODPlugin
LogPluginManager: Mounting plugin PythonScriptPlugin
LogPluginManager: Mounting plugin SkeletalReduction
LogPluginManager: Mounting plugin DatasmithContent
LogPluginManager: Mounting plugin LuminPlatformFeatures
LogPluginManager: Mounting plugin MagicLeap
LogPluginManager: Mounting plugin MagicLeapLightEstimation
LogPluginManager: Mounting plugin MagicLeapMedia
LogPluginManager: Mounting plugin MagicLeapPassableWorld
LogPluginManager: Mounting plugin LPSPSample
LogPluginManager: Mounting plugin MLSDK
LogPluginManager: Mounting plugin UdpMessaging
LogPluginManager: Mounting plugin ActorSequence
LogPluginManager: Mounting plugin TcpMessaging
LogPluginManager: Mounting plugin LevelSequenceEditor
LogPluginManager: Mounting plugin MatineeToLevelSequence
LogPluginManager: Mounting plugin TemplateSequence
LogPluginManager: Mounting plugin OnlineSubsystem
LogPluginManager: Mounting plugin OnlineSubsystemNull
LogPluginManager: Mounting plugin OpenImageDenoise
LogPluginManager: Mounting plugin OnlineSubsystemUtils
LogPluginManager: Mounting plugin LauncherChunkInstaller
LogPluginManager: Mounting plugin AndroidMedia
LogPluginManager: Mounting plugin AvfMedia
LogPluginManager: Mounting plugin ImgMedia
LogPluginManager: Mounting plugin MediaPlayerEditor
LogPluginManager: Mounting plugin WebMMedia
LogPluginManager: Mounting plugin WmfMedia
LogPluginManager: Mounting plugin AndroidDeviceProfileSelector
LogPluginManager: Mounting plugin AndroidMoviePlayer
LogPluginManager: Mounting plugin AndroidPermission
LogPluginManager: Mounting plugin ApexDestruction
LogPluginManager: Mounting plugin ActorLayerUtilities
LogPluginManager: Mounting plugin AppleImageUtils
LogPluginManager: Mounting plugin AppleMoviePlayer
LogPluginManager: Mounting plugin ArchVisCharacter
LogPluginManager: Mounting plugin AssetTags
LogPluginManager: Mounting plugin AudioCapture
LogPluginManager: Mounting plugin AudioSynesthesia
LogPluginManager: Mounting plugin CableComponent
LogPluginManager: Mounting plugin ChunkDownloader
LogPluginManager: Mounting plugin CustomMeshComponent
LogPluginManager: Mounting plugin EditableMesh
LogPluginManager: Mounting plugin ExampleDeviceProfileSelector
LogPluginManager: Mounting plugin GooglePAD
LogPluginManager: Mounting plugin GoogleCloudMessaging
LogPluginManager: Mounting plugin IOSDeviceProfileSelector
LogPluginManager: Mounting plugin LinuxDeviceProfileSelector
LogPluginManager: Mounting plugin LocationServicesBPLibrary
LogPluginManager: Mounting plugin MobilePatchingUtils
LogPluginManager: Mounting plugin OpenXR
LogPluginManager: Mounting plugin OpenXRHandTracking
LogPluginManager: Mounting plugin OpenXREyeTracker
LogPluginManager: Mounting plugin MediaCompositing
LogPluginManager: Mounting plugin PhysXVehicles
LogPluginManager: Mounting plugin ScreenshotTools
LogPluginManager: Mounting plugin PostSplashScreen
LogPluginManager: Mounting plugin PropertyAccessEditor
LogPluginManager: Mounting plugin SoundFields
LogPluginManager: Mounting plugin RuntimePhysXCooking
LogPluginManager: Mounting plugin SignificanceManager
LogPluginManager: Mounting plugin ProceduralMeshComponent
LogPluginManager: Mounting plugin Synthesis
LogPluginManager: Mounting plugin WebMMoviePlayer
LogPluginManager: Mounting plugin WindowsMoviePlayer
LogPluginManager: Mounting plugin Takes
LogPluginManager: Mounting plugin ChaosSolverPlugin
LogPluginManager: Mounting plugin ContentBrowserAssetDataSource
LogPluginManager: Mounting plugin ContentBrowserFileDataSource
LogPluginManager: Mounting plugin ContentBrowserClassDataSource
LogPluginManager: Mounting plugin OnlineSubsystemGooglePlay
LogPluginManager: Mounting plugin OnlineSubsystemIOS
LogPluginManager: Mounting plugin OculusVR
LogPluginManager: Mounting plugin SteamVR
PixWinPlugin: PIX capture plugin failed to initialize! Check that the process is launched from PIX.
LogInit: Using libcurl 7.55.1-DEV
LogInit:  - built for x86_64-pc-win32
LogInit:  - supports SSL with OpenSSL/1.1.1
LogInit:  - supports HTTP deflate (compression) using libz 1.2.8
LogInit:  - other features:
LogInit:      CURL_VERSION_SSL
LogInit:      CURL_VERSION_LIBZ
LogInit:      CURL_VERSION_IPV6
LogInit:      CURL_VERSION_ASYNCHDNS
LogInit:      CURL_VERSION_LARGEFILE
LogInit:      CURL_VERSION_IDN
LogInit:  CurlRequestOptions (configurable via config and command line):
LogInit:  - bVerifyPeer = true  - Libcurl will verify peer certificate
LogInit:  - bUseHttpProxy = false  - Libcurl will NOT use HTTP proxy
LogInit:  - bDontReuseConnections = false  - Libcurl will reuse connections
LogInit:  - MaxHostConnections = 16  - Libcurl will limit the number of connections to a host
LogInit:  - LocalHostAddr = Default
LogInit:  - BufferSize = 65536
LogOnline: OSS: Creating online subsystem instance for: NULL
LogInit: WinSock: version 1.1 (2.2), MaxSocks=32767, MaxUdp=65467
LogOnline: OSS: TryLoadSubsystemAndSetDefault: Loaded subsystem for module [NULL]
LogOculusPluginWrapper: OculusPlugin initialized successfully
LogHMD: Failed initializing OVRPlugin 1.59.0
LogInit: Build: ++UE4+Release-4.27-CL-18319896
LogInit: Engine Version: 4.27.2-18319896+++UE4+Release-4.27
LogInit: Compatible Engine Version: 4.27.0-17155196+++UE4+Release-4.27
LogInit: Net CL: 17155196
LogInit: OS: Windows 10 (Release 2009) (), CPU: Intel(R) Core(TM) i7-10750H CPU @ 2.60GHz, GPU: Intel(R) UHD Graphics
LogInit: Compiled (64-bit): Nov 30 2021 07:12:08
LogInit: Compiled with Visual C++: 19.24.28315.00
LogInit: Build Configuration: Development
LogInit: Branch Name: ++UE4+Release-4.27
LogInit: Command Line:  /Game/FirstPersonBP/Maps/Protoype_Level -game -PIEVIACONSOLE -Multiprocess GameUserSettingsINI=C:/Users/awill/Documents/GitHub/Month10PuzzleGame/Saved/Config/Windows/PIEGameUserSettings0.ini -MultiprocessSaveConfig -forcepassthrough -messaging -SessionName="Play in Standalone Game" -windowed -ResX=1280 -ResY=720
LogInit: Base Directory: C:/Program Files/Epic Games/UE_4.27/Engine/Binaries/Win64/
LogInit: Allocator: TBB
LogInit: Installed Engine Build: 1
LogDevObjectVersion: Number of dev versions registered: 29
LogDevObjectVersion:   Dev-Blueprints (B0D832E4-1F89-4F0D-ACCF-7EB736FD4AA2): 10
LogDevObjectVersion:   Dev-Build (E1C64328-A22C-4D53-A36C-8E866417BD8C): 0
LogDevObjectVersion:   Dev-Core (375EC13C-06E4-48FB-B500-84F0262A717E): 4
LogDevObjectVersion:   Dev-Editor (E4B068ED-F494-42E9-A231-DA0B2E46BB41): 40
LogDevObjectVersion:   Dev-Framework (CFFC743F-43B0-4480-9391-14DF171D2073): 37
LogDevObjectVersion:   Dev-Mobile (B02B49B5-BB20-44E9-A304-32B752E40360): 3
LogDevObjectVersion:   Dev-Networking (A4E4105C-59A1-49B5-A7C5-40C4547EDFEE): 0
LogDevObjectVersion:   Dev-Online (39C831C9-5AE6-47DC-9A44-9C173E1C8E7C): 0
LogDevObjectVersion:   Dev-Physics (78F01B33-EBEA-4F98-B9B4-84EACCB95AA2): 14
LogDevObjectVersion:   Dev-Platform (6631380F-2D4D-43E0-8009-CF276956A95A): 0
LogDevObjectVersion:   Dev-Rendering (12F88B9F-8875-4AFC-A67C-D90C383ABD29): 45
LogDevObjectVersion:   Dev-Sequencer (7B5AE74C-D270-4C10-A958-57980B212A5A): 13
LogDevObjectVersion:   Dev-VR (D7296918-1DD6-4BDD-9DE2-64A83CC13884): 3
LogDevObjectVersion:   Dev-LoadTimes (C2A15278-BFE7-4AFE-6C17-90FF531DF755): 1
LogDevObjectVersion:   Private-Geometry (6EACA3D4-40EC-4CC1-B786-8BED09428FC5): 3
LogDevObjectVersion:   Dev-AnimPhys (29E575DD-E0A3-4627-9D10-D276232CDCEA): 17
LogDevObjectVersion:   Dev-Anim (AF43A65D-7FD3-4947-9873-3E8ED9C1BB05): 15
LogDevObjectVersion:   Dev-ReflectionCapture (6B266CEC-1EC7-4B8F-A30B-E4D90942FC07): 1
LogDevObjectVersion:   Dev-Automation (0DF73D61-A23F-47EA-B727-89E90C41499A): 1
LogDevObjectVersion:   FortniteMain (601D1886-AC64-4F84-AA16-D3DE0DEAC7D6): 47
LogDevObjectVersion:   FortniteRelease (E7086368-6B23-4C58-8439-1B7016265E91): 1
LogDevObjectVersion:   Dev-Enterprise (9DFFBCD6-494F-0158-E221-12823C92A888): 10
LogDevObjectVersion:   Dev-Niagara (F2AED0AC-9AFE-416F-8664-AA7FFA26D6FC): 1
LogDevObjectVersion:   Dev-Destruction (174F1F0B-B4C6-45A5-B13F-2EE8D0FB917D): 10
LogDevObjectVersion:   Dev-Physics-Ext (35F94A83-E258-406C-A318-09F59610247C): 41
LogDevObjectVersion:   Dev-PhysicsMaterial-Chaos (B68FC16E-8B1B-42E2-B453-215C058844FE): 1
LogDevObjectVersion:   Dev-CineCamera (B2E18506-4273-CFC2-A54E-F4BB758BBA07): 1
LogDevObjectVersion:   Dev-VirtualProduction (64F58936-FD1B-42BA-BA96-7289D5D0FA4E): 1
LogDevObjectVersion:   Dev-MediaFramework (6F0ED827-A609-4895-9C91-998D90180EA4): 2
LogInit: Presizing for max 25165824 objects, including 0 objects not considered by GC, pre-allocating 0 bytes for permanent pool.
LogConfig: Applying CVar settings from Section [/Script/Engine.StreamingSettings] File [C:/Users/awill/Documents/GitHub/Month10PuzzleGame/Saved/Config/Windows/Engine.ini]
LogConfig: Setting CVar [[s.MinBulkDataSizeForAsyncLoading:131072]]
LogConfig: Setting CVar [[s.AsyncLoadingThreadEnabled:0]]
LogConfig: Setting CVar [[s.EventDrivenLoaderEnabled:1]]
LogConfig: Setting CVar [[s.WarnIfTimeLimitExceeded:0]]
LogConfig: Setting CVar [[s.TimeLimitExceededMultiplier:1.5]]
LogConfig: Setting CVar [[s.TimeLimitExceededMinTime:0.005]]
LogConfig: Setting CVar [[s.UseBackgroundLevelStreaming:1]]
LogConfig: Setting CVar [[s.PriorityAsyncLoadingExtraTime:15.0]]
LogConfig: Setting CVar [[s.LevelStreamingActorsUpdateTimeLimit:5.0]]
LogConfig: Setting CVar [[s.PriorityLevelStreamingActorsUpdateExtraTime:5.0]]
LogConfig: Setting CVar [[s.LevelStreamingComponentsRegistrationGranularity:10]]
LogConfig: Setting CVar [[s.UnregisterComponentsTimeLimit:1.0]]
LogConfig: Setting CVar [[s.LevelStreamingComponentsUnregistrationGranularity:5]]
LogConfig: Setting CVar [[s.FlushStreamingOnExit:1]]
LogInit: Object subsystem initialized
LogConfig: Setting CVar [[con.DebugEarlyDefault:1]]
LogConfig: Setting CVar [[r.setres:1280x720]]
[2022.04.26-14.34.46:298][  0]LogConfig: Setting CVar [[con.DebugEarlyDefault:1]]
[2022.04.26-14.34.46:298][  0]LogConfig: Setting CVar [[r.setres:1280x720]]
[2022.04.26-14.34.46:298][  0]LogConfig: Applying CVar settings from Section [/Script/Engine.RendererSettings] File [C:/Users/awill/Documents/GitHub/Month10PuzzleGame/Saved/Config/Windows/Engine.ini]
[2022.04.26-14.34.46:298][  0]LogConfig: Setting CVar [[r.GPUCrashDebugging:0]]
[2022.04.26-14.34.46:298][  0]LogConfig: Applying CVar settings from Section [/Script/Engine.RendererOverrideSettings] File [C:/Users/awill/Documents/GitHub/Month10PuzzleGame/Saved/Config/Windows/Engine.ini]
[2022.04.26-14.34.46:298][  0]LogConfig: Applying CVar settings from Section [/Script/Engine.StreamingSettings] File [C:/Users/awill/Documents/GitHub/Month10PuzzleGame/Saved/Config/Windows/Engine.ini]
[2022.04.26-14.34.46:298][  0]LogConfig: Setting CVar [[s.MinBulkDataSizeForAsyncLoading:131072]]
[2022.04.26-14.34.46:298][  0]LogConfig: Setting CVar [[s.AsyncLoadingThreadEnabled:0]]
[2022.04.26-14.34.46:298][  0]LogConfig: Setting CVar [[s.EventDrivenLoaderEnabled:1]]
[2022.04.26-14.34.46:298][  0]LogConfig: Setting CVar [[s.WarnIfTimeLimitExceeded:0]]
[2022.04.26-14.34.46:298][  0]LogConfig: Setting CVar [[s.TimeLimitExceededMultiplier:1.5]]
[2022.04.26-14.34.46:298][  0]LogConfig: Setting CVar [[s.TimeLimitExceededMinTime:0.005]]
[2022.04.26-14.34.46:298][  0]LogConfig: Setting CVar [[s.UseBackgroundLevelStreaming:1]]
[2022.04.26-14.34.46:298][  0]LogConfig: Setting CVar [[s.PriorityAsyncLoadingExtraTime:15.0]]
[2022.04.26-14.34.46:298][  0]LogConfig: Setting CVar [[s.LevelStreamingActorsUpdateTimeLimit:5.0]]
[2022.04.26-14.34.46:298][  0]LogConfig: Setting CVar [[s.PriorityLevelStreamingActorsUpdateExtraTime:5.0]]
[2022.04.26-14.34.46:298][  0]LogConfig: Setting CVar [[s.LevelStreamingComponentsRegistrationGranularity:10]]
[2022.04.26-14.34.46:298][  0]LogConfig: Setting CVar [[s.UnregisterComponentsTimeLimit:1.0]]
[2022.04.26-14.34.46:298][  0]LogConfig: Setting CVar [[s.LevelStreamingComponentsUnregistrationGranularity:5]]
[2022.04.26-14.34.46:298][  0]LogConfig: Setting CVar [[s.FlushStreamingOnExit:1]]
[2022.04.26-14.34.46:298][  0]LogConfig: Applying CVar settings from Section [/Script/Engine.GarbageCollectionSettings] File [C:/Users/awill/Documents/GitHub/Month10PuzzleGame/Saved/Config/Windows/Engine.ini]
[2022.04.26-14.34.46:298][  0]LogConfig: Setting CVar [[gc.MaxObjectsNotConsideredByGC:1]]
[2022.04.26-14.34.46:298][  0]LogConfig: Setting CVar [[gc.SizeOfPermanentObjectPool:0]]
[2022.04.26-14.34.46:298][  0]LogConfig: Setting CVar [[gc.FlushStreamingOnGC:0]]
[2022.04.26-14.34.46:298][  0]LogConfig: Setting CVar [[gc.NumRetriesBeforeForcingGC:10]]
[2022.04.26-14.34.46:298][  0]LogConfig: Setting CVar [[gc.AllowParallelGC:1]]
[2022.04.26-14.34.46:298][  0]LogConfig: Setting CVar [[gc.TimeBetweenPurgingPendingKillObjects:61.1]]
[2022.04.26-14.34.46:298][  0]LogConfig: Setting CVar [[gc.MaxObjectsInEditor:25165824]]
[2022.04.26-14.34.46:298][  0]LogConfig: Setting CVar [[gc.IncrementalBeginDestroyEnabled:1]]
[2022.04.26-14.34.46:298][  0]LogConfig: Setting CVar [[gc.CreateGCClusters:1]]
[2022.04.26-14.34.46:298][  0]LogConfig: Setting CVar [[gc.MinGCClusterSize:5]]
[2022.04.26-14.34.46:298][  0]LogConfig: Setting CVar [[gc.ActorClusteringEnabled:0]]
[2022.04.26-14.34.46:298][  0]LogConfig: Setting CVar [[gc.BlueprintClusteringEnabled:0]]
[2022.04.26-14.34.46:298][  0]LogConfig: Setting CVar [[gc.UseDisregardForGCOnDedicatedServers:0]]
[2022.04.26-14.34.46:298][  0]LogConfig: Setting CVar [[gc.MultithreadedDestructionEnabled:1]]
[2022.04.26-14.34.46:299][  0]LogConfig: Applying CVar settings from Section [/Script/Engine.NetworkSettings] File [C:/Users/awill/Documents/GitHub/Month10PuzzleGame/Saved/Config/Windows/Engine.ini]
[2022.04.26-14.34.46:299][  0]LogConfig: Applying CVar settings from Section [/Script/UnrealEd.CookerSettings] File [C:/Users/awill/Documents/GitHub/Month10PuzzleGame/Saved/Config/Windows/Engine.ini]
[2022.04.26-14.34.46:319][  0]LogConfig: Applying CVar settings from Section [ViewDistanceQuality@3] File [C:/Users/awill/Documents/GitHub/Month10PuzzleGame/Saved/Config/Windows/Scalability.ini]
[2022.04.26-14.34.46:319][  0]LogConfig: Setting CVar [[r.SkeletalMeshLODBias:0]]
[2022.04.26-14.34.46:319][  0]LogConfig: Setting CVar [[r.ViewDistanceScale:1.0]]
[2022.04.26-14.34.46:319][  0]LogConfig: Applying CVar settings from Section [AntiAliasingQuality@3] File [C:/Users/awill/Documents/GitHub/Month10PuzzleGame/Saved/Config/Windows/Scalability.ini]
[2022.04.26-14.34.46:319][  0]LogConfig: Setting CVar [[r.PostProcessAAQuality:4]]
[2022.04.26-14.34.46:319][  0]LogConfig: Applying CVar settings from Section [ShadowQuality@3] File [C:/Users/awill/Documents/GitHub/Month10PuzzleGame/Saved/Config/Windows/Scalability.ini]
[2022.04.26-14.34.46:319][  0]LogConfig: Setting CVar [[r.LightFunctionQuality:1]]
[2022.04.26-14.34.46:319][  0]LogConfig: Setting CVar [[r.ShadowQuality:5]]
[2022.04.26-14.34.46:319][  0]LogConfig: Setting CVar [[r.Shadow.CSM.MaxCascades:10]]
[2022.04.26-14.34.46:319][  0]LogConfig: Setting CVar [[r.Shadow.MaxResolution:2048]]
[2022.04.26-14.34.46:319][  0]LogConfig: Setting CVar [[r.Shadow.MaxCSMResolution:2048]]
[2022.04.26-14.34.46:319][  0]LogConfig: Setting CVar [[r.Shadow.RadiusThreshold:0.01]]
[2022.04.26-14.34.46:320][  0]LogConfig: Setting CVar [[r.Shadow.DistanceScale:1.0]]
[2022.04.26-14.34.46:320][  0]LogConfig: Setting CVar [[r.Shadow.CSM.TransitionScale:1.0]]
[2022.04.26-14.34.46:320][  0]LogConfig: Setting CVar [[r.Shadow.PreShadowResolutionFactor:1.0]]
[2022.04.26-14.34.46:320][  0]LogConfig: Setting CVar [[r.DistanceFieldShadowing:1]]
[2022.04.26-14.34.46:320][  0]LogConfig: Setting CVar [[r.DistanceFieldAO:1]]
[2022.04.26-14.34.46:320][  0]LogConfig: Setting CVar [[r.AOQuality:2]]
[2022.04.26-14.34.46:320][  0]LogConfig: Setting CVar [[r.VolumetricFog:1]]
[2022.04.26-14.34.46:320][  0]LogConfig: Setting CVar [[r.VolumetricFog.GridPixelSize:8]]
[2022.04.26-14.34.46:320][  0]LogConfig: Setting CVar [[r.VolumetricFog.GridSizeZ:128]]
[2022.04.26-14.34.46:320][  0]LogConfig: Setting CVar [[r.VolumetricFog.HistoryMissSupersampleCount:4]]
[2022.04.26-14.34.46:320][  0]LogConfig: Setting CVar [[r.LightMaxDrawDistanceScale:1]]
[2022.04.26-14.34.46:320][  0]LogConfig: Setting CVar [[r.CapsuleShadows:1]]
[2022.04.26-14.34.46:320][  0]LogConfig: Applying CVar settings from Section [PostProcessQuality@3] File [C:/Users/awill/Documents/GitHub/Month10PuzzleGame/Saved/Config/Windows/Scalability.ini]
[2022.04.26-14.34.46:320][  0]LogConfig: Setting CVar [[r.MotionBlurQuality:4]]
[2022.04.26-14.34.46:320][  0]LogConfig: Setting CVar [[r.AmbientOcclusionMipLevelFactor:0.4]]
[2022.04.26-14.34.46:320][  0]LogConfig: Setting CVar [[r.AmbientOcclusionMaxQuality:100]]
[2022.04.26-14.34.46:320][  0]LogConfig: Setting CVar [[r.AmbientOcclusionLevels:-1]]
[2022.04.26-14.34.46:320][  0]LogConfig: Setting CVar [[r.AmbientOcclusionRadiusScale:1.0]]
[2022.04.26-14.34.46:320][  0]LogConfig: Setting CVar [[r.DepthOfFieldQuality:2]]
[2022.04.26-14.34.46:320][  0]LogConfig: Setting CVar [[r.RenderTargetPoolMin:400]]
[2022.04.26-14.34.46:320][  0]LogConfig: Setting CVar [[r.LensFlareQuality:2]]
[2022.04.26-14.34.46:320][  0]LogConfig: Setting CVar [[r.SceneColorFringeQuality:1]]
[2022.04.26-14.34.46:320][  0]LogConfig: Setting CVar [[r.EyeAdaptationQuality:2]]
[2022.04.26-14.34.46:320][  0]LogConfig: Setting CVar [[r.BloomQuality:5]]
[2022.04.26-14.34.46:320][  0]LogConfig: Setting CVar [[r.FastBlurThreshold:100]]
[2022.04.26-14.34.46:320][  0]LogConfig: Setting CVar [[r.Upscale.Quality:3]]
[2022.04.26-14.34.46:320][  0]LogConfig: Setting CVar [[r.Tonemapper.GrainQuantization:1]]
[2022.04.26-14.34.46:320][  0]LogConfig: Setting CVar [[r.LightShaftQuality:1]]
[2022.04.26-14.34.46:320][  0]LogConfig: Setting CVar [[r.Filter.SizeScale:1]]
[2022.04.26-14.34.46:320][  0]LogConfig: Setting CVar [[r.Tonemapper.Quality:5]]
[2022.04.26-14.34.46:320][  0]LogConfig: Setting CVar [[r.DOF.Gather.AccumulatorQuality:1        ; higher gathering accumulator quality]]
[2022.04.26-14.34.46:320][  0]LogConfig: Setting CVar [[r.DOF.Gather.PostfilterMethod:1          ; Median3x3 postfilering method]]
[2022.04.26-14.34.46:320][  0]LogConfig: Setting CVar [[r.DOF.Gather.EnableBokehSettings:0       ; no bokeh simulation when gathering]]
[2022.04.26-14.34.46:320][  0]LogConfig: Setting CVar [[r.DOF.Gather.RingCount:4                 ; medium number of samples when gathering]]
[2022.04.26-14.34.46:320][  0]LogConfig: Setting CVar [[r.DOF.Scatter.ForegroundCompositing:1    ; additive foreground scattering]]
[2022.04.26-14.34.46:320][  0]LogConfig: Setting CVar [[r.DOF.Scatter.BackgroundCompositing:2    ; additive background scattering]]
[2022.04.26-14.34.46:320][  0]LogConfig: Setting CVar [[r.DOF.Scatter.EnableBokehSettings:1      ; bokeh simulation when scattering]]
[2022.04.26-14.34.46:320][  0]LogConfig: Setting CVar [[r.DOF.Scatter.MaxSpriteRatio:0.1         ; only a maximum of 10% of scattered bokeh]]
[2022.04.26-14.34.46:320][  0]LogConfig: Setting CVar [[r.DOF.Recombine.Quality:1                ; cheap slight out of focus]]
[2022.04.26-14.34.46:320][  0]LogConfig: Setting CVar [[r.DOF.Recombine.EnableBokehSettings:0    ; no bokeh simulation on slight out of focus]]
[2022.04.26-14.34.46:320][  0]LogConfig: Setting CVar [[r.DOF.TemporalAAQuality:1                ; more stable temporal accumulation]]
[2022.04.26-14.34.46:320][  0]LogConfig: Setting CVar [[r.DOF.Kernel.MaxForegroundRadius:0.025]]
[2022.04.26-14.34.46:320][  0]LogConfig: Setting CVar [[r.DOF.Kernel.MaxBackgroundRadius:0.025]]
[2022.04.26-14.34.46:320][  0]LogConfig: Applying CVar settings from Section [TextureQuality@3] File [C:/Users/awill/Documents/GitHub/Month10PuzzleGame/Saved/Config/Windows/Scalability.ini]
[2022.04.26-14.34.46:320][  0]LogConfig: Setting CVar [[r.Streaming.MipBias:0]]
[2022.04.26-14.34.46:320][  0]LogConfig: Setting CVar [[r.Streaming.AmortizeCPUToGPUCopy:0]]
[2022.04.26-14.34.46:320][  0]LogConfig: Setting CVar [[r.Streaming.MaxNumTexturesToStreamPerFrame:0]]
[2022.04.26-14.34.46:320][  0]LogConfig: Setting CVar [[r.Streaming.Boost:1]]
[2022.04.26-14.34.46:320][  0]LogConfig: Setting CVar [[r.MaxAnisotropy:8]]
[2022.04.26-14.34.46:320][  0]LogConfig: Setting CVar [[r.VT.MaxAnisotropy:8]]
[2022.04.26-14.34.46:320][  0]LogConfig: Setting CVar [[r.Streaming.LimitPoolSizeToVRAM:0]]
[2022.04.26-14.34.46:320][  0]LogConfig: Setting CVar [[r.Streaming.PoolSize:1000]]
[2022.04.26-14.34.46:320][  0]LogConfig: Setting CVar [[r.Streaming.MaxEffectiveScreenSize:0]]
[2022.04.26-14.34.46:320][  0]LogConfig: Applying CVar settings from Section [EffectsQuality@3] File [C:/Users/awill/Documents/GitHub/Month10PuzzleGame/Saved/Config/Windows/Scalability.ini]
[2022.04.26-14.34.46:321][  0]LogConfig: Setting CVar [[r.TranslucencyLightingVolumeDim:64]]
[2022.04.26-14.34.46:321][  0]LogConfig: Setting CVar [[r.RefractionQuality:2]]
[2022.04.26-14.34.46:321][  0]LogConfig: Setting CVar [[r.SSR.Quality:3]]
[2022.04.26-14.34.46:321][  0]LogConfig: Setting CVar [[r.SSR.HalfResSceneColor:0]]
[2022.04.26-14.34.46:321][  0]LogConfig: Setting CVar [[r.SceneColorFormat:4]]
[2022.04.26-14.34.46:321][  0]LogConfig: Setting CVar [[r.DetailMode:2]]
[2022.04.26-14.34.46:321][  0]LogConfig: Setting CVar [[r.TranslucencyVolumeBlur:1]]
[2022.04.26-14.34.46:321][  0]LogConfig: Setting CVar [[r.MaterialQualityLevel:1 ; High quality]]
[2022.04.26-14.34.46:321][  0]LogConfig: Setting CVar [[r.AnisotropicMaterials:1]]
[2022.04.26-14.34.46:321][  0]LogConfig: Setting CVar [[r.SSS.Scale:1]]
[2022.04.26-14.34.46:321][  0]LogConfig: Setting CVar [[r.SSS.SampleSet:2]]
[2022.04.26-14.34.46:321][  0]LogConfig: Setting CVar [[r.SSS.Quality:1]]
[2022.04.26-14.34.46:321][  0]LogConfig: Setting CVar [[r.SSS.HalfRes:0]]
[2022.04.26-14.34.46:321][  0]LogConfig: Setting CVar [[r.SSGI.Quality:3]]
[2022.04.26-14.34.46:321][  0]LogConfig: Setting CVar [[r.EmitterSpawnRateScale:1.0]]
[2022.04.26-14.34.46:321][  0]LogConfig: Setting CVar [[r.ParticleLightQuality:2]]
[2022.04.26-14.34.46:321][  0]LogConfig: Setting CVar [[r.SkyAtmosphere.AerialPerspectiveLUT.FastApplyOnOpaque:1 ; Always have FastSkyLUT 1 in this case to avoid wrong sky]]
[2022.04.26-14.34.46:321][  0]LogConfig: Setting CVar [[r.SkyAtmosphere.AerialPerspectiveLUT.SampleCountMaxPerSlice:4]]
[2022.04.26-14.34.46:321][  0]LogConfig: Setting CVar [[r.SkyAtmosphere.AerialPerspectiveLUT.DepthResolution:16.0]]
[2022.04.26-14.34.46:321][  0]LogConfig: Setting CVar [[r.SkyAtmosphere.FastSkyLUT:1]]
[2022.04.26-14.34.46:321][  0]LogConfig: Setting CVar [[r.SkyAtmosphere.FastSkyLUT.SampleCountMin:4.0]]
[2022.04.26-14.34.46:321][  0]LogConfig: Setting CVar [[r.SkyAtmosphere.FastSkyLUT.SampleCountMax:128.0]]
[2022.04.26-14.34.46:321][  0]LogConfig: Setting CVar [[r.SkyAtmosphere.SampleCountMin:4.0]]
[2022.04.26-14.34.46:321][  0]LogConfig: Setting CVar [[r.SkyAtmosphere.SampleCountMax:128.0]]
[2022.04.26-14.34.46:321][  0]LogConfig: Setting CVar [[r.SkyAtmosphere.TransmittanceLUT.UseSmallFormat:0]]
[2022.04.26-14.34.46:321][  0]LogConfig: Setting CVar [[r.SkyAtmosphere.TransmittanceLUT.SampleCount:10.0]]
[2022.04.26-14.34.46:321][  0]LogConfig: Setting CVar [[r.SkyAtmosphere.MultiScatteringLUT.SampleCount:15.0]]
[2022.04.26-14.34.46:321][  0]LogConfig: Setting CVar [[r.SkyLight.RealTimeReflectionCapture:1]]
[2022.04.26-14.34.46:321][  0]LogConfig: Applying CVar settings from Section [FoliageQuality@3] File [C:/Users/awill/Documents/GitHub/Month10PuzzleGame/Saved/Config/Windows/Scalability.ini]
[2022.04.26-14.34.46:321][  0]LogConfig: Setting CVar [[foliage.DensityScale:1.0]]
[2022.04.26-14.34.46:321][  0]LogConfig: Setting CVar [[grass.DensityScale:1.0]]
[2022.04.26-14.34.46:321][  0]LogConfig: Applying CVar settings from Section [ShadingQuality@3] File [C:/Users/awill/Documents/GitHub/Month10PuzzleGame/Saved/Config/Windows/Scalability.ini]
[2022.04.26-14.34.46:321][  0]LogConfig: Setting CVar [[r.HairStrands.SkyLighting.IntegrationType:2]]
[2022.04.26-14.34.46:321][  0]LogConfig: Setting CVar [[r.HairStrands.SkyAO.SampleCount:4]]
[2022.04.26-14.34.46:321][  0]LogConfig: Setting CVar [[r.HairStrands.Visibility.MSAA.SamplePerPixel:4]]
[2022.04.26-14.34.46:321][  0]LogInit: Selected Device Profile: [Windows]
[2022.04.26-14.34.46:321][  0]LogInit: Applying CVar settings loaded from the selected device profile: [Windows]
[2022.04.26-14.34.46:321][  0]LogHAL: Display: Platform has ~ 16 GB [16991240192 / 17179869184 / 16], which maps to Larger [LargestMinGB=32, LargerMinGB=12, DefaultMinGB=8, SmallerMinGB=6, SmallestMinGB=0)
[2022.04.26-14.34.46:321][  0]LogInit: Going up to parent DeviceProfile []
[2022.04.26-14.34.46:321][  0]LogConfig: Applying CVar settings from Section [ViewDistanceQuality@3] File [C:/Users/awill/Documents/GitHub/Month10PuzzleGame/Saved/Config/Windows/Scalability.ini]
[2022.04.26-14.34.46:321][  0]LogConfig: Setting CVar [[r.SkeletalMeshLODBias:0]]
[2022.04.26-14.34.46:321][  0]LogConfig: Setting CVar [[r.ViewDistanceScale:1.0]]
[2022.04.26-14.34.46:321][  0]LogConfig: Applying CVar settings from Section [AntiAliasingQuality@3] File [C:/Users/awill/Documents/GitHub/Month10PuzzleGame/Saved/Config/Windows/Scalability.ini]
[2022.04.26-14.34.46:321][  0]LogConfig: Setting CVar [[r.PostProcessAAQuality:4]]
[2022.04.26-14.34.46:321][  0]LogConfig: Applying CVar settings from Section [ShadowQuality@3] File [C:/Users/awill/Documents/GitHub/Month10PuzzleGame/Saved/Config/Windows/Scalability.ini]
[2022.04.26-14.34.46:321][  0]LogConfig: Setting CVar [[r.LightFunctionQuality:1]]
[2022.04.26-14.34.46:321][  0]LogConfig: Setting CVar [[r.ShadowQuality:5]]
[2022.04.26-14.34.46:321][  0]LogConfig: Setting CVar [[r.Shadow.CSM.MaxCascades:10]]
[2022.04.26-14.34.46:321][  0]LogConfig: Setting CVar [[r.Shadow.MaxResolution:2048]]
[2022.04.26-14.34.46:321][  0]LogConfig: Setting CVar [[r.Shadow.MaxCSMResolution:2048]]
[2022.04.26-14.34.46:321][  0]LogConfig: Setting CVar [[r.Shadow.RadiusThreshold:0.01]]
[2022.04.26-14.34.46:322][  0]LogConfig: Setting CVar [[r.Shadow.DistanceScale:1.0]]
[2022.04.26-14.34.46:322][  0]LogConfig: Setting CVar [[r.Shadow.CSM.TransitionScale:1.0]]
[2022.04.26-14.34.46:322][  0]LogConfig: Setting CVar [[r.Shadow.PreShadowResolutionFactor:1.0]]
[2022.04.26-14.34.46:322][  0]LogConfig: Setting CVar [[r.DistanceFieldShadowing:1]]
[2022.04.26-14.34.46:322][  0]LogConfig: Setting CVar [[r.DistanceFieldAO:1]]
[2022.04.26-14.34.46:322][  0]LogConfig: Setting CVar [[r.AOQuality:2]]
[2022.04.26-14.34.46:322][  0]LogConfig: Setting CVar [[r.VolumetricFog:1]]
[2022.04.26-14.34.46:322][  0]LogConfig: Setting CVar [[r.VolumetricFog.GridPixelSize:8]]
[2022.04.26-14.34.46:322][  0]LogConfig: Setting CVar [[r.VolumetricFog.GridSizeZ:128]]
[2022.04.26-14.34.46:322][  0]LogConfig: Setting CVar [[r.VolumetricFog.HistoryMissSupersampleCount:4]]
[2022.04.26-14.34.46:322][  0]LogConfig: Setting CVar [[r.LightMaxDrawDistanceScale:1]]
[2022.04.26-14.34.46:322][  0]LogConfig: Setting CVar [[r.CapsuleShadows:1]]
[2022.04.26-14.34.46:322][  0]LogConfig: Applying CVar settings from Section [PostProcessQuality@3] File [C:/Users/awill/Documents/GitHub/Month10PuzzleGame/Saved/Config/Windows/Scalability.ini]
[2022.04.26-14.34.46:322][  0]LogConfig: Setting CVar [[r.MotionBlurQuality:4]]
[2022.04.26-14.34.46:322][  0]LogConfig: Setting CVar [[r.AmbientOcclusionMipLevelFactor:0.4]]
[2022.04.26-14.34.46:322][  0]LogConfig: Setting CVar [[r.AmbientOcclusionMaxQuality:100]]
[2022.04.26-14.34.46:322][  0]LogConfig: Setting CVar [[r.AmbientOcclusionLevels:-1]]
[2022.04.26-14.34.46:322][  0]LogConfig: Setting CVar [[r.AmbientOcclusionRadiusScale:1.0]]
[2022.04.26-14.34.46:322][  0]LogConfig: Setting CVar [[r.DepthOfFieldQuality:2]]
[2022.04.26-14.34.46:322][  0]LogConfig: Setting CVar [[r.RenderTargetPoolMin:400]]
[2022.04.26-14.34.46:322][  0]LogConfig: Setting CVar [[r.LensFlareQuality:2]]
[2022.04.26-14.34.46:322][  0]LogConfig: Setting CVar [[r.SceneColorFringeQuality:1]]
[2022.04.26-14.34.46:322][  0]LogConfig: Setting CVar [[r.EyeAdaptationQuality:2]]
[2022.04.26-14.34.46:322][  0]LogConfig: Setting CVar [[r.BloomQuality:5]]
[2022.04.26-14.34.46:322][  0]LogConfig: Setting CVar [[r.FastBlurThreshold:100]]
[2022.04.26-14.34.46:322][  0]LogConfig: Setting CVar [[r.Upscale.Quality:3]]
[2022.04.26-14.34.46:322][  0]LogConfig: Setting CVar [[r.Tonemapper.GrainQuantization:1]]
[2022.04.26-14.34.46:322][  0]LogConfig: Setting CVar [[r.LightShaftQuality:1]]
[2022.04.26-14.34.46:322][  0]LogConfig: Setting CVar [[r.Filter.SizeScale:1]]
[2022.04.26-14.34.46:322][  0]LogConfig: Setting CVar [[r.Tonemapper.Quality:5]]
[2022.04.26-14.34.46:322][  0]LogConfig: Setting CVar [[r.DOF.Gather.AccumulatorQuality:1        ; higher gathering accumulator quality]]
[2022.04.26-14.34.46:322][  0]LogConfig: Setting CVar [[r.DOF.Gather.PostfilterMethod:1          ; Median3x3 postfilering method]]
[2022.04.26-14.34.46:322][  0]LogConfig: Setting CVar [[r.DOF.Gather.EnableBokehSettings:0       ; no bokeh simulation when gathering]]
[2022.04.26-14.34.46:322][  0]LogConfig: Setting CVar [[r.DOF.Gather.RingCount:4                 ; medium number of samples when gathering]]
[2022.04.26-14.34.46:322][  0]LogConfig: Setting CVar [[r.DOF.Scatter.ForegroundCompositing:1    ; additive foreground scattering]]
[2022.04.26-14.34.46:322][  0]LogConfig: Setting CVar [[r.DOF.Scatter.BackgroundCompositing:2    ; additive background scattering]]
[2022.04.26-14.34.46:322][  0]LogConfig: Setting CVar [[r.DOF.Scatter.EnableBokehSettings:1      ; bokeh simulation when scattering]]
[2022.04.26-14.34.46:322][  0]LogConfig: Setting CVar [[r.DOF.Scatter.MaxSpriteRatio:0.1         ; only a maximum of 10% of scattered bokeh]]
[2022.04.26-14.34.46:322][  0]LogConfig: Setting CVar [[r.DOF.Recombine.Quality:1                ; cheap slight out of focus]]
[2022.04.26-14.34.46:322][  0]LogConfig: Setting CVar [[r.DOF.Recombine.EnableBokehSettings:0    ; no bokeh simulation on slight out of focus]]
[2022.04.26-14.34.46:322][  0]LogConfig: Setting CVar [[r.DOF.TemporalAAQuality:1                ; more stable temporal accumulation]]
[2022.04.26-14.34.46:322][  0]LogConfig: Setting CVar [[r.DOF.Kernel.MaxForegroundRadius:0.025]]
[2022.04.26-14.34.46:323][  0]LogConfig: Setting CVar [[r.DOF.Kernel.MaxBackgroundRadius:0.025]]
[2022.04.26-14.34.46:323][  0]LogConfig: Applying CVar settings from Section [TextureQuality@3] File [C:/Users/awill/Documents/GitHub/Month10PuzzleGame/Saved/Config/Windows/Scalability.ini]
[2022.04.26-14.34.46:323][  0]LogConfig: Setting CVar [[r.Streaming.MipBias:0]]
[2022.04.26-14.34.46:323][  0]LogConfig: Setting CVar [[r.Streaming.AmortizeCPUToGPUCopy:0]]
[2022.04.26-14.34.46:323][  0]LogConfig: Setting CVar [[r.Streaming.MaxNumTexturesToStreamPerFrame:0]]
[2022.04.26-14.34.46:323][  0]LogConfig: Setting CVar [[r.Streaming.Boost:1]]
[2022.04.26-14.34.46:323][  0]LogConfig: Setting CVar [[r.MaxAnisotropy:8]]
[2022.04.26-14.34.46:323][  0]LogConfig: Setting CVar [[r.VT.MaxAnisotropy:8]]
[2022.04.26-14.34.46:323][  0]LogConfig: Setting CVar [[r.Streaming.LimitPoolSizeToVRAM:0]]
[2022.04.26-14.34.46:323][  0]LogConfig: Setting CVar [[r.Streaming.PoolSize:1000]]
[2022.04.26-14.34.46:323][  0]LogConfig: Setting CVar [[r.Streaming.MaxEffectiveScreenSize:0]]
[2022.04.26-14.34.46:323][  0]LogConfig: Applying CVar settings from Section [EffectsQuality@3] File [C:/Users/awill/Documents/GitHub/Month10PuzzleGame/Saved/Config/Windows/Scalability.ini]
[2022.04.26-14.34.46:323][  0]LogConfig: Setting CVar [[r.TranslucencyLightingVolumeDim:64]]
[2022.04.26-14.34.46:323][  0]LogConfig: Setting CVar [[r.RefractionQuality:2]]
[2022.04.26-14.34.46:323][  0]LogConfig: Setting CVar [[r.SSR.Quality:3]]
[2022.04.26-14.34.46:323][  0]LogConfig: Setting CVar [[r.SSR.HalfResSceneColor:0]]
[2022.04.26-14.34.46:323][  0]LogConfig: Setting CVar [[r.SceneColorFormat:4]]
[2022.04.26-14.34.46:323][  0]LogConfig: Setting CVar [[r.DetailMode:2]]
[2022.04.26-14.34.46:323][  0]LogConfig: Setting CVar [[r.TranslucencyVolumeBlur:1]]
[2022.04.26-14.34.46:323][  0]LogConfig: Setting CVar [[r.MaterialQualityLevel:1 ; High quality]]
[2022.04.26-14.34.46:323][  0]LogConfig: Setting CVar [[r.AnisotropicMaterials:1]]
[2022.04.26-14.34.46:323][  0]LogConfig: Setting CVar [[r.SSS.Scale:1]]
[2022.04.26-14.34.46:323][  0]LogConfig: Setting CVar [[r.SSS.SampleSet:2]]
[2022.04.26-14.34.46:323][  0]LogConfig: Setting CVar [[r.SSS.Quality:1]]
[2022.04.26-14.34.46:323][  0]LogConfig: Setting CVar [[r.SSS.HalfRes:0]]
[2022.04.26-14.34.46:323][  0]LogConfig: Setting CVar [[r.SSGI.Quality:3]]
[2022.04.26-14.34.46:323][  0]LogConfig: Setting CVar [[r.EmitterSpawnRateScale:1.0]]
[2022.04.26-14.34.46:323][  0]LogConfig: Setting CVar [[r.ParticleLightQuality:2]]
[2022.04.26-14.34.46:323][  0]LogConfig: Setting CVar [[r.SkyAtmosphere.AerialPerspectiveLUT.FastApplyOnOpaque:1 ; Always have FastSkyLUT 1 in this case to avoid wrong sky]]
[2022.04.26-14.34.46:323][  0]LogConfig: Setting CVar [[r.SkyAtmosphere.AerialPerspectiveLUT.SampleCountMaxPerSlice:4]]
[2022.04.26-14.34.46:323][  0]LogConfig: Setting CVar [[r.SkyAtmosphere.AerialPerspectiveLUT.DepthResolution:16.0]]
[2022.04.26-14.34.46:323][  0]LogConfig: Setting CVar [[r.SkyAtmosphere.FastSkyLUT:1]]
[2022.04.26-14.34.46:323][  0]LogConfig: Setting CVar [[r.SkyAtmosphere.FastSkyLUT.SampleCountMin:4.0]]
[2022.04.26-14.34.46:323][  0]LogConfig: Setting CVar [[r.SkyAtmosphere.FastSkyLUT.SampleCountMax:128.0]]
[2022.04.26-14.34.46:323][  0]LogConfig: Setting CVar [[r.SkyAtmosphere.SampleCountMin:4.0]]
[2022.04.26-14.34.46:323][  0]LogConfig: Setting CVar [[r.SkyAtmosphere.SampleCountMax:128.0]]
[2022.04.26-14.34.46:323][  0]LogConfig: Setting CVar [[r.SkyAtmosphere.TransmittanceLUT.UseSmallFormat:0]]
[2022.04.26-14.34.46:323][  0]LogConfig: Setting CVar [[r.SkyAtmosphere.TransmittanceLUT.SampleCount:10.0]]
[2022.04.26-14.34.46:324][  0]LogConfig: Setting CVar [[r.SkyAtmosphere.MultiScatteringLUT.SampleCount:15.0]]
[2022.04.26-14.34.46:324][  0]LogConfig: Setting CVar [[r.SkyLight.RealTimeReflectionCapture:1]]
[2022.04.26-14.34.46:324][  0]LogConfig: Applying CVar settings from Section [FoliageQuality@3] File [C:/Users/awill/Documents/GitHub/Month10PuzzleGame/Saved/Config/Windows/Scalability.ini]
[2022.04.26-14.34.46:324][  0]LogConfig: Setting CVar [[foliage.DensityScale:1.0]]
[2022.04.26-14.34.46:324][  0]LogConfig: Setting CVar [[grass.DensityScale:1.0]]
[2022.04.26-14.34.46:324][  0]LogConfig: Applying CVar settings from Section [ShadingQuality@3] File [C:/Users/awill/Documents/GitHub/Month10PuzzleGame/Saved/Config/Windows/Scalability.ini]
[2022.04.26-14.34.46:324][  0]LogConfig: Setting CVar [[r.HairStrands.SkyLighting.IntegrationType:2]]
[2022.04.26-14.34.46:324][  0]LogConfig: Setting CVar [[r.HairStrands.SkyAO.SampleCount:4]]
[2022.04.26-14.34.46:324][  0]LogConfig: Setting CVar [[r.HairStrands.Visibility.MSAA.SamplePerPixel:4]]
[2022.04.26-14.34.46:324][  0]LogConfig: Applying CVar settings from Section [Startup] File [../../../Engine/Config/ConsoleVariables.ini]
[2022.04.26-14.34.46:325][  0]LogConfig: Setting CVar [[net.UseAdaptiveNetUpdateFrequency:0]]
[2022.04.26-14.34.46:325][  0]LogConfig: Setting CVar [[p.chaos.AllowCreatePhysxBodies:1]]
[2022.04.26-14.34.46:325][  0]LogConfig: Setting CVar [[fx.SkipVectorVMBackendOptimizations:1]]
[2022.04.26-14.34.46:325][  0]LogConfig: Applying CVar settings from Section [ConsoleVariables] File [C:/Users/awill/Documents/GitHub/Month10PuzzleGame/Saved/Config/Windows/Engine.ini]
[2022.04.26-14.34.46:325][  0]LogConfig: Applying CVar settings from Section [ConsoleVariables] File [C:/Users/awill/Documents/GitHub/Month10PuzzleGame/Saved/Config/Windows/Editor.ini]
[2022.04.26-14.34.46:325][  0]LogInit: Computer: MSI
[2022.04.26-14.34.46:325][  0]LogInit: User: awill
[2022.04.26-14.34.46:325][  0]LogInit: CPU Page size=4096, Cores=6
[2022.04.26-14.34.46:325][  0]LogInit: High frequency timer resolution =10.000000 MHz
[2022.04.26-14.34.46:325][  0]LogMemory: Memory total: Physical=15.8GB (16GB approx)
[2022.04.26-14.34.46:325][  0]LogMemory: Platform Memory Stats for Windows
[2022.04.26-14.34.46:325][  0]LogMemory: Process Physical Memory: 144.11 MB used, 144.11 MB peak
[2022.04.26-14.34.46:325][  0]LogMemory: Process Virtual Memory: 130.08 MB used, 130.08 MB peak
[2022.04.26-14.34.46:325][  0]LogMemory: Physical Memory: 14091.75 MB used,  2112.36 MB free, 16204.11 MB total
[2022.04.26-14.34.46:325][  0]LogMemory: Virtual Memory: 134213784.00 MB used,  3943.29 MB free, 134217728.00 MB total
[2022.04.26-14.34.46:406][  0]LogWindows: WindowsPlatformFeatures enabled
[2022.04.26-14.34.46:534][  0]LogInit: Physics initialised using underlying interface: PhysX
[2022.04.26-14.34.46:534][  0]LogInit: Using OS detected language (en-US).
[2022.04.26-14.34.46:534][  0]LogInit: Using OS detected locale (en-US).
[2022.04.26-14.34.46:556][  0]LogTextLocalizationManager: No specific localization for 'en-US' exists, so the 'en' localization will be used.
[2022.04.26-14.34.47:335][  0]LogWindowsTextInputMethodSystem: Display: IME system deactivated.
[2022.04.26-14.34.47:397][  0]LogSlate: New Slate User Created.  User Index 0, Is Virtual User: 0
[2022.04.26-14.34.47:397][  0]LogSlate: Slate User Registered.  User Index 0, Is Virtual User: 0
[2022.04.26-14.34.47:428][  0]LogD3D11RHI: Loaded GFSDK_Aftermath_Lib.x64.dll
[2022.04.26-14.34.47:443][  0]LogHMD: Failed to initialize OpenVR with code 110
[2022.04.26-14.34.47:443][  0]LogD3D11RHI: D3D11 min allowed feature level: 11_0
[2022.04.26-14.34.47:443][  0]LogD3D11RHI: D3D11 max allowed feature level: 11_0
[2022.04.26-14.34.47:443][  0]LogD3D11RHI: D3D11 adapters:
[2022.04.26-14.34.47:555][  0]LogD3D11RHI:    0. 'NVIDIA GeForce RTX 2080 Super' (Feature Level 11_0)
[2022.04.26-14.34.47:555][  0]LogD3D11RHI:       8010/0/8102 MB DedicatedVideo/DedicatedSystem/SharedSystem, Outputs:1, VendorId:0x10de
[2022.04.26-14.34.47:588][  0]LogD3D11RHI:    1. 'Intel(R) UHD Graphics' (Feature Level 11_0)
[2022.04.26-14.34.47:588][  0]LogD3D11RHI:       128/0/8102 MB DedicatedVideo/DedicatedSystem/SharedSystem, Outputs:0, VendorId:0x8086
[2022.04.26-14.34.47:591][  0]LogD3D11RHI:    2. 'Microsoft Basic Render Driver' (Feature Level 11_0)
[2022.04.26-14.34.47:591][  0]LogD3D11RHI:       0/0/8102 MB DedicatedVideo/DedicatedSystem/SharedSystem, Outputs:0, VendorId:0x1414
[2022.04.26-14.34.47:591][  0]LogD3D11RHI: Chosen D3D11 Adapter:
[2022.04.26-14.34.47:591][  0]LogD3D11RHI:     Description : NVIDIA GeForce RTX 2080 Super
[2022.04.26-14.34.47:591][  0]LogD3D11RHI:     VendorId    : 10de
[2022.04.26-14.34.47:591][  0]LogD3D11RHI:     DeviceId    : 1e93
[2022.04.26-14.34.47:591][  0]LogD3D11RHI:     SubSysId    : 12bc1462
[2022.04.26-14.34.47:591][  0]LogD3D11RHI:     Revision    : 00a1
[2022.04.26-14.34.47:591][  0]LogD3D11RHI:     DedicatedVideoMemory : 8399093760 bytes
[2022.04.26-14.34.47:591][  0]LogD3D11RHI:     DedicatedSystemMemory : 0 bytes
[2022.04.26-14.34.47:591][  0]LogD3D11RHI:     SharedSystemMemory : 8495620096 bytes
[2022.04.26-14.34.47:591][  0]LogD3D11RHI:     AdapterLuid : 0 68513
[2022.04.26-14.34.47:602][  0]LogD3D11RHI: Creating new Direct3DDevice
[2022.04.26-14.34.47:602][  0]LogD3D11RHI:     GPU DeviceId: 0x1e93 (for the marketing name, search the web for "GPU Device Id")
[2022.04.26-14.34.47:602][  0]LogWindows: EnumDisplayDevices:
[2022.04.26-14.34.47:602][  0]LogWindows:    0. 'Intel(R) UHD Graphics' (P:1 D:1)
[2022.04.26-14.34.47:602][  0]LogWindows:    1. 'Intel(R) UHD Graphics' (P:0 D:0)
[2022.04.26-14.34.47:603][  0]LogWindows:    2. 'Intel(R) UHD Graphics' (P:0 D:0)
[2022.04.26-14.34.47:603][  0]LogWindows:    3. 'NVIDIA GeForce RTX 2080 Super' (P:0 D:0)
[2022.04.26-14.34.47:603][  0]LogWindows:    4. 'NVIDIA GeForce RTX 2080 Super' (P:0 D:0)
[2022.04.26-14.34.47:603][  0]LogWindows:    5. 'NVIDIA GeForce RTX 2080 Super' (P:0 D:0)
[2022.04.26-14.34.47:604][  0]LogWindows:    6. 'NVIDIA GeForce RTX 2080 Super' (P:0 D:0)
[2022.04.26-14.34.47:604][  0]LogWindows: DebugString: PrimaryIsNotTheChoosenAdapter PrimaryIsNotTheChoosenAdapter PrimaryIsNotTheChoosenAdapter FoundDriverCount:4 
[2022.04.26-14.34.47:604][  0]LogD3D11RHI:     Adapter Name: NVIDIA GeForce RTX 2080 Super
[2022.04.26-14.34.47:604][  0]LogD3D11RHI:   Driver Version: 496.76 (internal:30.0.14.9676, unified:496.76)
[2022.04.26-14.34.47:604][  0]LogD3D11RHI:      Driver Date: 11-9-2021
[2022.04.26-14.34.47:604][  0]LogRHI: Texture pool is 5607 MB (70% of 8010 MB)
[2022.04.26-14.34.47:604][  0]LogD3D11RHI: Creating D3DDevice using adapter:
[2022.04.26-14.34.47:604][  0]LogD3D11RHI:     Description : NVIDIA GeForce RTX 2080 Super
[2022.04.26-14.34.47:604][  0]LogD3D11RHI:     VendorId    : 10de
[2022.04.26-14.34.47:604][  0]LogD3D11RHI:     DeviceId    : 1e93
[2022.04.26-14.34.47:604][  0]LogD3D11RHI:     SubSysId    : 12bc1462
[2022.04.26-14.34.47:604][  0]LogD3D11RHI:     Revision    : 00a1
[2022.04.26-14.34.47:604][  0]LogD3D11RHI:     DedicatedVideoMemory : 8399093760 bytes
[2022.04.26-14.34.47:604][  0]LogD3D11RHI:     DedicatedSystemMemory : 0 bytes
[2022.04.26-14.34.47:604][  0]LogD3D11RHI:     SharedSystemMemory : 8495620096 bytes
[2022.04.26-14.34.47:604][  0]LogD3D11RHI:     AdapterLuid : 0 68513
[2022.04.26-14.34.47:689][  0]LogD3D11RHI: RHI has support for 64 bit atomics
[2022.04.26-14.34.47:689][  0]LogD3D11RHI: Async texture creation enabled
[2022.04.26-14.34.47:689][  0]LogD3D11RHI: Array index from any shader is supported
[2022.04.26-14.34.47:713][  0]LogD3D11RHI: GPU Timing Frequency: 1000.000000 (Debug: 2 1)
[2022.04.26-14.34.47:769][  0]LogRHI: GeForceNow SDK initialized: 1
[2022.04.26-14.34.48:173][  0]LogTargetPlatformManager: Display: Loaded TargetPlatform 'WindowsNoEditor'
[2022.04.26-14.34.48:179][  0]LogTargetPlatformManager: Display: Loaded TargetPlatform 'Windows'
[2022.04.26-14.34.48:188][  0]LogTargetPlatformManager: Display: Loaded TargetPlatform 'WindowsClient'
[2022.04.26-14.34.48:197][  0]LogTargetPlatformManager: Display: Loaded TargetPlatform 'WindowsServer'
[2022.04.26-14.34.48:197][  0]LogTargetPlatformManager: Display: Building Assets For Windows
[2022.04.26-14.34.48:209][  0]LogAudioDebug: Display: Lib vorbis DLL was dynamically loaded.
[2022.04.26-14.34.48:268][  0]LogTextureFormatOodle: Display: Oodle Texture 2.9.0 init RDO Off
[2022.04.26-14.34.48:349][  0]LogRendererCore: Ray tracing is disabled. Reason: r.RayTracing=0.
[2022.04.26-14.34.48:350][  0]LogShaderCompilers: Guid format shader working directory is -19 characters bigger than the processId version (../../../../../../Users/awill/Documents/GitHub/Month10PuzzleGame/Intermediate/Shaders/WorkingDirectory/40864/).
[2022.04.26-14.34.48:350][  0]LogShaderCompilers: Cleaned the shader compiler working directory 'C:/Users/awill/AppData/Local/Temp/UnrealShaderWorkingDir/964AAF5A4019B2202B05839A1CFE3ED5/'.
[2022.04.26-14.34.48:350][  0]LogXGEController: Cannot use XGE Controller as Incredibuild is not installed on this machine.
[2022.04.26-14.34.48:351][  0]LogShaderCompilers: Cannot use XGE Shader Compiler as Incredibuild is not installed on this machine.
[2022.04.26-14.34.48:351][  0]LogShaderCompilers: Display: Using Local Shader Compiler.
[2022.04.26-14.34.49:359][  0]LogDerivedDataCache: Display: Max Cache Size: 512 MB
[2022.04.26-14.34.49:475][  0]LogDerivedDataCache: Loaded boot cache 0.12s 94MB C:/Users/awill/AppData/Local/UnrealEngine/4.27/DerivedDataCache/Boot.ddc.
[2022.04.26-14.34.49:475][  0]LogDerivedDataCache: Display: Loaded Boot cache: C:/Users/awill/AppData/Local/UnrealEngine/4.27/DerivedDataCache/Boot.ddc
[2022.04.26-14.34.49:475][  0]LogDerivedDataCache: FDerivedDataBackendGraph:  Pak pak cache file ../../../../../../Users/awill/Documents/GitHub/Month10PuzzleGame/DerivedDataCache/DDC.ddp not found, will not use a pak cache.
[2022.04.26-14.34.49:475][  0]LogDerivedDataCache: Unable to find inner node Pak for hierarchical cache Hierarchy.
[2022.04.26-14.34.49:475][  0]LogDerivedDataCache: FDerivedDataBackendGraph:  CompressedPak pak cache file ../../../../../../Users/awill/Documents/GitHub/Month10PuzzleGame/DerivedDataCache/Compressed.ddp not found, will not use a pak cache.
[2022.04.26-14.34.49:475][  0]LogDerivedDataCache: Unable to find inner node CompressedPak for hierarchical cache Hierarchy.
[2022.04.26-14.34.49:497][  0]LogDerivedDataCache: Display: Pak cache opened for reading ../../../Engine/DerivedDataCache/Compressed.ddp.
[2022.04.26-14.34.49:497][  0]LogDerivedDataCache: FDerivedDataBackendGraph:  EnterprisePak pak cache file ../../../Enterprise/DerivedDataCache/Compressed.ddp not found, will not use a pak cache.
[2022.04.26-14.34.49:497][  0]LogDerivedDataCache: Unable to find inner node EnterprisePak for hierarchical cache Hierarchy.
[2022.04.26-14.34.49:507][  0]LogDerivedDataCache: Speed tests for C:/Users/awill/AppData/Local/UnrealEngine/Common/DerivedDataCache took 0.01 seconds
[2022.04.26-14.34.49:507][  0]LogDerivedDataCache: Display: Performance to C:/Users/awill/AppData/Local/UnrealEngine/Common/DerivedDataCache: Latency=0.04ms. RandomReadSpeed=765.49MBs, RandomWriteSpeed=120.49MBs. Assigned SpeedClass 'Local'
[2022.04.26-14.34.49:508][  0]LogDerivedDataCache: Using Local data cache path C:/Users/awill/AppData/Local/UnrealEngine/Common/DerivedDataCache: Writable
[2022.04.26-14.34.49:508][  0]LogDerivedDataCache: Shared data cache path not found in *engine.ini, will not use an Shared cache.
[2022.04.26-14.34.49:508][  0]LogDerivedDataCache: Unable to find inner node Shared for hierarchical cache Hierarchy.
[2022.04.26-14.34.49:545][  0]LogSlate: Using FreeType 2.10.0
[2022.04.26-14.34.49:547][  0]LogSlate: SlateFontServices - WITH_FREETYPE: 1, WITH_HARFBUZZ: 1
[2022.04.26-14.34.49:696][  0]LogInit: Using OS detected language (en-US).
[2022.04.26-14.34.49:697][  0]LogInit: Using OS detected locale (en-US).
[2022.04.26-14.34.49:697][  0]LogTextLocalizationManager: No localization for 'en-US' exists, so 'en' will be used for the language.
[2022.04.26-14.34.49:697][  0]LogTextLocalizationManager: No localization for 'en-US' exists, so 'en' will be used for the locale.
[2022.04.26-14.34.49:697][  0]LogSlate: FontCache flush requested. Reason: Culture for localization was changed
[2022.04.26-14.34.49:697][  0]LogSlate: FontCache flush requested. Reason: Culture for localization was changed
[2022.04.26-14.34.49:703][  0]LogTextLocalizationManager: Compacting localization data took   0.01ms
[2022.04.26-14.34.49:703][  0]LogAssetRegistry: FAssetRegistry took 0.0027 seconds to start up
[2022.04.26-14.34.49:964][  0]LogPackageLocalizationCache: Processed 28 localized package path(s) for 1 prioritized culture(s) in 0.002366 seconds
[2022.04.26-14.34.50:058][  0]LogInit: Selected Device Profile: [Windows]
[2022.04.26-14.34.50:058][  0]LogInit: Active device profile: [0000026B2110BE00][0000026B1B75D800 49] Windows
[2022.04.26-14.34.50:058][  0]LogInit: Profiles: [0000026B2110BE00][0000026B1B75D800 49] Windows, [0000026B210C0300][0000026B1B761940 49] WindowsNoEditor, [0000026B21108300][0000026B1B769AC0 49] WindowsServer, [0000026B210C1600][0000026B1B76C0C0 49] WindowsClient, [0000026B21109500][0000026B1B770240 49] IOS, [0000026B210C2400][0000026B1B7743C0 49] iPadAir, [0000026B2110A300][0000026B1B778540 49] iPadAir2, [0000026B2105FD00][0000026B1B780800 49] IPadPro, [0000026B2105FE00][0000026B1B77C840 49] iPadAir3, [0000026B2110B900][0000026B1B7849C0 49] iPadAir4, [0000026B2105C800][0000026B1B788B40 49] iPadMini2, [0000026B21108600][0000026B1B78CCC0 49] iPadMini3, [0000026B2105ED00][0000026B1B790E40 49] iPadMini4, [0000026B21109100][0000026B1B794FC0 49] iPadMini5, [0000026B210B3600][0000026B1B79D280 49] iPhone6, [0000026B210B3700][0000026B1B7992C0 49] iPodTouch6, [0000026B2105E000][0000026B1B7A5580 49] iPhone7, [0000026B2105E100][0000026B1B7A15C0 49] iPodTouch7, [0000026B210B0700][0000026B1B765700 49] iPhone5S, [0000026B2105CD00][0000026B1B7A9840 49] iPhone6Plus, [0000026B210B1100][0000026B1B7AD980 49] iPhone6S, [0000026B2105DA00][0000026B1B7B1AC0 49] iPhone6SPlus, [0000026B210B3400][0000026B1B7B80C0 49] iPhone7Plus, [0000026B2105EB00][0000026B1B7BC240 49] iPhoneSE, [0000026B210B0D00][0000026B1B7C03C0 49] iPhone8, [0000026B2105FF00][0000026B1B7C4540 49] iPhone8Plus, [0000026B210B2700][0000026B1B7C86C0 49] iPhoneX, [0000026B2105E900][0000026B1B7CC840 49] iPhoneXS, [0000026B210B0300][0000026B1B7D09C0 49] iPhoneXSMax, [0000026B2105D700][0000026B1B7D4B40 49] iPhoneXR, [0000026B210B1200][0000026B1B7D8CC0 49] iPhone11, [0000026B2105FA00][0000026B1B7DCE40 49] iPhone11Pro, [0000026B210B0600][0000026B1B7E0FC0 49] iPhone11ProMax, [0000026B2105DB00][0000026B1B7E5140 49] iPhoneSE2, [0000026B210B3800][0000026B1B7E92C0 49] iPhone12Mini, [0000026B2105EA00][0000026B1B7ED440 49] iPhone12, [0000026B210B0400][0000026B1B7F15C0 49] iPhone12Pro, [0000026B2105E400][0000026B1B7F5740 49] iPhone12ProMax, [0000026B210B0800][0000026B1B7F98C0 49] iPadPro105, [0000026B2105E500][0000026B1B7B5A00 49] iPadPro129, [0000026B210B3300][0000026B1B7FDB40 49] iPadPro97, [0000026B2105DD00][0000026B1B800100 49] iPadPro2_129, [0000026B210B0B00][0000026B1B808280 49] iPad5, [0000026B2105F000][0000026B1B80C400 49] iPad6, [0000026B210B1C00][0000026B1B810580 49] iPad7, [0000026B2105C900][0000026B1B814700 49] iPad8, [0000026B210B3A00][0000026B1B818880 49] iPadPro11, [0000026B2105E700][0000026B1B81CA00 49] iPadPro2_11, [0000026B210B3200][0000026B1B820B80 49] iPadPro3_129, [0000026B2105F400][0000026B1B824D00 49] iPadPro4_129, [0000026B210B3C00][0000026B1B828E80 49] AppleTV, [0000026B2105EC00][0000026B1B82D000 49] AppleTV4K, [0000026B210B1F00][0000026B1B831180 49] TVOS, [0000026B2105C100][0000026B1B835300 49] Mac, [0000026B210B1E00][0000026B1B839480 49] MacClient, [0000026B2105D500][0000026B1B83D600 49] MacNoEditor, [0000026B210B1300][0000026B1B841780 49] MacServer, [0000026B2105CC00][0000026B1B845900 49] Linux, [0000026B210B0E00][0000026B1B849A80 49] LinuxAArch64, [0000026B2105CF00][0000026B1B805BC0 49] LinuxNoEditor, [0000026B210B2400][0000026B1B84C180 49] LinuxAArch64NoEditor, [0000026B2105C500][0000026B1B8502C0 49] LinuxClient, [0000026B210B1D00][0000026B1B858440 49] LinuxAArch64Client, [0000026B210C0900][0000026B1B85C5C0 49] LinuxServer, [0000026B2112D600][0000026B1B860740 49] LinuxAArch64Server, [0000026B210C1500][0000026B1B8648C0 49] Android, [0000026B2112C800][0000026B1B868A40 49] Android_Low, [0000026B210C1800][0000026B1B86CBC0 49] Android_Mid, [0000026B2112ED00][0000026B1B870D40 49] Android_High, [0000026B210C3D00][0000026B1B874EC0 49] Android_Default, [0000026B2112F300][0000026B1B879040 49] Android_Adreno4xx, [0000026B210C2F00][0000026B1B87D1C0 49] Android_Adreno5xx_Low, [0000026B2112D500][0000026B1B881340 49] Android_Adreno5xx, [0000026B210C2B00][0000026B1B8854C0 49] Android_Adreno6xx, [0000026B2112D200][0000026B1B889640 49] Android_Adreno6xx_Vulkan, [0000026B210C0700][0000026B1B88D7C0 49] Android_Mali_T6xx, [0000026B2112C100][0000026B1B891940 49] Android_Mali_T7xx, [0000026B210C1C00][0000026B1B895AC0 49] Android_Mali_T8xx, [0000026B2112EE00][0000026B1B8980C0 49] Android_Mali_G71, [0000026B210C0A00][0000026B1B854200 49] Android_Mali_G72, [0000026B2112D100][0000026B1B89C340 49] Android_Mali_G72_Vulkan, [0000026B210C0200][0000026B1B8A0480 49] Android_Mali_G76, [0000026B2112CB00][0000026B1B8A45C0 49] Android_Mali_G76_Vulkan, [0000026B210C1900][0000026B1B8AC740 49] Android_Mali_G77, [0000026B2112E800][0000026B1B8B08C0 49] Android_Mali_G77_Vulkan, [0000026B210B2A00][0000026B1B8B4A40 49] Android_Mali_G78, [0000026B2112DB00][0000026B1B8B8BC0 49] Android_Mali_G78_Vulkan, [0000026B210B0500][0000026B1B8BCD40 49] Android_Mali_G710, [0000026B2112C300][0000026B1B8C0EC0 49] Android_Mali_G710_Vulkan, [0000026B210B2600][0000026B1B8C5040 49] Android_Vulkan_SM5, [0000026B2112EF00][0000026B1B8C91C0 49] Android_PowerVR_G6xxx, [0000026B210B2100][0000026B1B8CD340 49] Android_PowerVR_GT7xxx, [0000026B2112E400][0000026B1B8D14C0 49] Android_PowerVR_GE8xxx, [0000026B210B1400][0000026B1B8D5640 49] Android_PowerVR_GM9xxx, [0000026B2112F700][0000026B1B8D97C0 49] Android_PowerVR_GM9xxx_Vulkan, [0000026B210B1B00][0000026B1B8DD940 49] Android_TegraK1, [0000026B2112CA00][0000026B1B8E1AC0 49] Android_Unknown_Vulkan, [0000026B210B3E00][0000026B1B8E40C0 49] Lumin, [0000026B2112E300][0000026B1B8E8240 49] Lumin_Desktop, [0000026B210B2500][0000026B1B8A8380 49] HoloLens, 
[2022.04.26-14.34.50:141][  0]LogMeshReduction: Using QuadricMeshReduction for automatic static mesh reduction
[2022.04.26-14.34.50:141][  0]LogMeshReduction: Using SimplygonMeshReduction for automatic skeletal mesh reduction
[2022.04.26-14.34.50:141][  0]LogMeshReduction: Using ProxyLODMeshReduction for automatic mesh merging
[2022.04.26-14.34.50:141][  0]LogMeshReduction: No distributed automatic mesh merging module available
[2022.04.26-14.34.50:141][  0]LogMeshMerging: No distributed automatic mesh merging module available
[2022.04.26-14.34.50:293][  0]LogNetVersion: PuzzleGameTemplate 1.0.0, NetCL: 17155196, EngineNetVer: 17, GameNetVer: 0 (Checksum: 1790128263)
[2022.04.26-14.34.50:664][  0]LogTexture: Default maximum texture size for cubemaps generated from long-lat sources has been changed from 512 to unlimited. In order to preserve old behaiour for '/Engine/MapTemplates/Sky/DaylightAmbientCubemap.DaylightAmbientCubemap', its maximum texture size has been explicitly set to 512.
[2022.04.26-14.34.50:744][  0]LogHMD: PokeAHoleMaterial loaded successfully
[2022.04.26-14.34.50:932][  0]LogMoviePlayer: Initializing movie player
[2022.04.26-14.34.51:074][  0]LogNiagaraDebuggerClient: Niagara Debugger Client Initialized | Session: 884A5E244F0B3340FE31C7AF59CACBEF | Instance: 15EBAD644F9FB75B94F5EFA01C2F6BF9 (MSI-40864).
[2022.04.26-14.34.51:111][  0]LogCollectionManager: Loaded 0 collections in 0.003778 seconds
[2022.04.26-14.34.51:120][  0]LogFileCache: Scanning file cache for directory 'C:/Users/awill/Documents/GitHub/Month10PuzzleGame/Saved/Collections/' took 0.00s
[2022.04.26-14.34.51:120][  0]LogFileCache: Scanning file cache for directory 'C:/Users/awill/Documents/GitHub/Month10PuzzleGame/Content/Developers/awill/Collections/' took 0.00s
[2022.04.26-14.34.51:120][  0]LogCollectionManager: Fixed up redirectors for 0 collections in 0.000002 seconds (updated 0 objects)
[2022.04.26-14.34.51:160][  0]LogFileCache: Scanning file cache for directory 'C:/Users/awill/Documents/GitHub/Month10PuzzleGame/Content/Collections/' took 0.00s
[2022.04.26-14.34.51:160][  0]LogPython: Using Python 3.7.7
[2022.04.26-14.34.51:821][  0]LogUdpMessaging: Initializing bridge on interface 0.0.0.0:0 to multicast group 230.0.0.1:6666.
[2022.04.26-14.34.51:835][  0]LogTcpMessaging: Initializing TcpMessaging bridge
[2022.04.26-14.34.52:022][  0]SourceControl: Source control is disabled
[2022.04.26-14.34.52:022][  0]SourceControl: Source control is disabled
[2022.04.26-14.34.52:029][  0]SourceControl: Source control is disabled
[2022.04.26-14.34.52:037][  0]LogUProjectInfo: Found projects:
[2022.04.26-14.34.52:222][  0]LogOpenImageDenoise: OIDN starting up
[2022.04.26-14.34.52:252][  0]LogAndroidPermission: UAndroidPermissionCallbackProxy::GetInstance
[2022.04.26-14.34.52:291][  0]LogAudioCaptureCore: Display: No Audio Capture implementations found. Audio input will be silent.
[2022.04.26-14.34.52:291][  0]LogAudioCaptureCore: Display: No Audio Capture implementations found. Audio input will be silent.
[2022.04.26-14.34.52:402][  0]LogOcInput: OculusInput pre-init called
[2022.04.26-14.34.52:414][  0]LogUObjectArray: 22176 objects as part of root set at end of initial load.
[2022.04.26-14.34.52:414][  0]LogUObjectAllocator: 6007808 out of 0 bytes used by permanent object pool.
[2022.04.26-14.34.52:414][  0]LogUObjectArray: CloseDisregardForGC: 0/0 objects in disregard for GC pool
[2022.04.26-14.34.52:479][  0]LogEngine: Initializing Engine...
[2022.04.26-14.34.52:485][  0]LogHMD: Failed to enumerate extensions. Please check that you have a valid OpenXR runtime installed.
[2022.04.26-14.34.52:485][  0]LogHMD: Failed to initialize OpenVR with code 110
[2022.04.26-14.34.52:485][  0]LogMagicLeap: Warning: VR disabled because ZI is not enabled.  To enable, in the editor, Edit -> Project Settings -> Plugins -> Magic Leap Plugin -> Enable Zero Iteration
[2022.04.26-14.34.52:487][  0]LogStats: UGameplayTagsManager::InitializeManager -  0.000 s
[2022.04.26-14.34.52:645][  0]LogInit: Initializing FReadOnlyCVARCache
[2022.04.26-14.34.52:645][  0]LogAudio: Display: Initializing Audio Device Manager...
[2022.04.26-14.34.52:654][  0]LogAudio: Display: Loading Default Audio Settings Objects...
[2022.04.26-14.34.52:655][  0]LogAudio: Display: No default SoundConcurrencyObject specified (or failed to load).
[2022.04.26-14.34.52:656][  0]LogAudio: Display: Audio Device Manager Initialized
[2022.04.26-14.34.52:656][  0]LogAudio: Display: Creating Audio Device:                 Id: 1, Scope: Shared, Realtime: True
[2022.04.26-14.34.52:656][  0]LogAudioMixer: Display: Audio Mixer Platform Settings:
[2022.04.26-14.34.52:656][  0]LogAudioMixer: Display: 	Sample Rate:						  48000
[2022.04.26-14.34.52:656][  0]LogAudioMixer: Display: 	Callback Buffer Frame Size Requested: 1024
[2022.04.26-14.34.52:656][  0]LogAudioMixer: Display: 	Callback Buffer Frame Size To Use:	  1024
[2022.04.26-14.34.52:656][  0]LogAudioMixer: Display: 	Number of buffers to queue:			  2
[2022.04.26-14.34.52:656][  0]LogAudioMixer: Display: 	Max Channels (voices):				  32
[2022.04.26-14.34.52:656][  0]LogAudioMixer: Display: 	Number of Async Source Workers:		  0
[2022.04.26-14.34.52:656][  0]LogAudio: Display: AudioDevice MaxSources: 32
[2022.04.26-14.34.52:656][  0]LogAudio: Display: Audio Spatialization Plugin: None (built-in).
[2022.04.26-14.34.52:656][  0]LogAudio: Display: Audio Reverb Plugin: None (built-in).
[2022.04.26-14.34.52:656][  0]LogAudio: Display: Audio Occlusion Plugin: None (built-in).
[2022.04.26-14.34.52:656][  0]LogAudioMixer: Display: Initializing audio mixer.
[2022.04.26-14.34.52:743][  0]LogAudioMixer: Display: 0: FrontLeft
[2022.04.26-14.34.52:743][  0]LogAudioMixer: Display: 1: FrontRight
[2022.04.26-14.34.52:861][  0]LogAudioMixer: Display: Using Audio Device Crestron (NVIDIA High Definition Audio)
[2022.04.26-14.34.52:868][  0]LogAudioMixer: Display: Initializing Sound Submixes...
[2022.04.26-14.34.52:874][  0]LogAudioMixer: Display: Creating Master Submix 'MasterSubmixDefault'
[2022.04.26-14.34.52:874][  0]LogAudioMixer: Display: Creating Master Submix 'MasterReverbSubmixDefault'
[2022.04.26-14.34.52:877][  0]LogAudioMixer: Display: Creating Master Submix 'MasterEQSubmixDefault'
[2022.04.26-14.34.52:877][  0]LogAudioMixer: FMixerPlatformXAudio2::StartAudioStream() called
[2022.04.26-14.34.52:877][  0]LogAudioMixer: Display: Output buffers initialized: Frames=1024, Channels=2, Samples=2048
[2022.04.26-14.34.52:878][  0]LogAudioMixer: Display: Starting AudioMixerPlatformInterface::RunInternal()
[2022.04.26-14.34.52:878][  0]LogAudioMixer: Display: FMixerPlatformXAudio2::SubmitBuffer() called for the first time
[2022.04.26-14.34.52:878][  0]LogInit: FAudioDevice initialized.
[2022.04.26-14.34.52:883][  0]LogNetVersion: Set ProjectVersion to 1.0.0.0. Version Checksum will be recalculated on next use.
[2022.04.26-14.34.52:885][  0]LogInit: Texture streaming: Enabled
[2022.04.26-14.34.53:029][  0]LogAudio: Display: Audio Device (ID: 1) registered with world 'Untitled'.
[2022.04.26-14.34.53:029][  0]LogSlate: Updating window title bar state: overlay mode, drag disabled, window buttons hidden, title bar hidden
[2022.04.26-14.34.53:031][  0]LogInit: Display: Game Engine Initialized.
[2022.04.26-14.34.53:031][  0]LogNiagaraEditor: GEditor isn't valid! Particle reset commands will not work for Niagara components!
[2022.04.26-14.34.53:195][  0]LogInit: Display: Starting Game.
[2022.04.26-14.34.53:196][  0]LogNet: Browse: /Game/FirstPersonBP/Maps/Protoype_Level?Name=Player
[2022.04.26-14.34.53:197][  0]LogLoad: LoadMap: /Game/FirstPersonBP/Maps/Protoype_Level?Name=Player
[2022.04.26-14.34.53:197][  0]LogWorld: BeginTearingDown for /Temp/Untitled_0
[2022.04.26-14.34.53:200][  0]LogWorld: UWorld::CleanupWorld for Untitled, bSessionEnded=true, bCleanupResources=true
[2022.04.26-14.34.53:200][  0]LogSlate: InvalidateAllWidgets triggered.  All widgets were invalidated
[2022.04.26-14.34.53:206][  0]LogAudio: Display: Audio Device unregistered from world 'None'.
[2022.04.26-14.34.53:213][  0]LogUObjectHash: Compacting FUObjectHashTables data took   2.06ms
[2022.04.26-14.34.53:942][  0]LogTexture: Default maximum texture size for cubemaps generated from long-lat sources has been changed from 512 to unlimited. In order to preserve old behaiour for '/Game/ScienceLab/Textures/BaseTextures/TC_HDR01.TC_HDR01', its maximum texture size has been explicitly set to 512.
[2022.04.26-14.34.54:334][  0]LogAudio: Display: Audio Device (ID: 1) registered with world 'Protoype_Level'.
[2022.04.26-14.34.54:348][  0]LogAIModule: Creating AISystem for world Protoype_Level
[2022.04.26-14.34.54:349][  0]LogLoad: Game class is 'FirstPersonGameMode_C'
[2022.04.26-14.34.54:386][  0]LogWorld: Bringing World /Game/FirstPersonBP/Maps/Protoype_Level.Protoype_Level up for play (max tick rate 0) at 2022.04.26-10.34.54
[2022.04.26-14.34.54:387][  0]LogWorld: Bringing up level for play took: 0.037514
[2022.04.26-14.34.54:411][  0]LogLoad: Took 1.214308 seconds to LoadMap(/Game/FirstPersonBP/Maps/Protoype_Level)
[2022.04.26-14.34.54:497][  0]LogSlate: Took 0.000642 seconds to synchronously load lazily loaded font '../../../Engine/Content/Slate/Fonts/Roboto-Regular.ttf' (155K)
[2022.04.26-14.34.54:549][  0]LogRenderer: Reallocating scene render targets to support 1280x720 Format 10 NumSamples 1 (Frame:1).
[2022.04.26-14.34.54:549][  0]LogInit: Display: Engine is initialized. Leaving FEngineLoop::Init()
[2022.04.26-14.34.54:549][  0]LogLoad: (Engine Initialization) Total time: 11.19 seconds
[2022.04.26-14.34.54:549][  0]LogLoad: (Engine Initialization) Total Blueprint compile time: 0.00 seconds
[2022.04.26-14.34.54:597][  0]LogContentStreaming: Texture pool size now 1000 MB
[2022.04.26-14.34.54:600][  0]LogSlate: InvalidateAllWidgets triggered.  All widgets were invalidated
[2022.04.26-14.34.54:700][  0]LogRenderer: Reallocating scene render targets to support 128x128 Format 10 NumSamples 1 (Frame:1).
[2022.04.26-14.34.54:756][  0]LogRenderer: Reallocating scene render targets to support 1280x720 Format 10 NumSamples 1 (Frame:2).
[2022.04.26-14.34.54:847][  1]LogSlate: Took 0.000360 seconds to synchronously load lazily loaded font '../../../Engine/Content/Slate/Fonts/Roboto-Regular.ttf' (155K)
[2022.04.26-14.36.09:914][208]LogWindowsDesktop: Alt-F4 pressed!
[2022.04.26-14.36.09:935][208]LogSlate: Window 'PuzzleGameTemplate (64-bit Development PCD3D_SM5) ' being destroyed
[2022.04.26-14.36.09:936][208]LogWindowsTextInputMethodSystem: Display: IME system deactivated.
[2022.04.26-14.36.09:943][208]LogWindowsTextInputMethodSystem: Display: IME system deactivated.
[2022.04.26-14.36.09:950][208]LogSlate: Updating window title bar state: overlay mode, drag disabled, window buttons hidden, title bar hidden
[2022.04.26-14.36.09:950][208]LogEngine: All Windows Closed
[2022.04.26-14.36.09:950][208]LogWindows: FPlatformMisc::RequestExit(0)
[2022.04.26-14.36.09:950][208]LogWindows: FPlatformMisc::RequestExitWithStatus(0, 0)
[2022.04.26-14.36.09:950][208]LogCore: Engine exit requested (reason: Win RequestExit)
[2022.04.26-14.36.09:950][209]LogCore: Engine exit requested (reason: EngineExit() was called; note: exit was already requested)
[2022.04.26-14.36.09:951][209]LogInit: Display: PreExit Game.
[2022.04.26-14.36.09:982][209]LogWorld: BeginTearingDown for /Game/FirstPersonBP/Maps/Protoype_Level
[2022.04.26-14.36.09:983][209]LogWorld: UWorld::CleanupWorld for Protoype_Level, bSessionEnded=true, bCleanupResources=true
[2022.04.26-14.36.09:993][209]LogSlate: InvalidateAllWidgets triggered.  All widgets were invalidated
[2022.04.26-14.36.10:535][209]LogAudio: Display: Beginning Audio Device Manager Shutdown (Module: AudioMixerXAudio2)...
[2022.04.26-14.36.10:535][209]LogAudio: Display: Destroying 1 Remaining Audio Device(s)...
[2022.04.26-14.36.10:535][209]LogAudio: Display: Audio Device unregistered from world 'Protoype_Level'.
[2022.04.26-14.36.10:573][209]LogAudioMixer: FMixerPlatformXAudio2::StopAudioStream() called
[2022.04.26-14.36.10:575][209]LogAudioMixer: FMixerPlatformXAudio2::StopAudioStream() called
[2022.04.26-14.36.10:580][209]LogAudio: Display: Audio Device Manager Shutdown
[2022.04.26-14.36.10:587][209]LogExit: Preparing to exit.
[2022.04.26-14.36.10:898][209]LogSlate: Updating window title bar state: overlay mode, drag disabled, window buttons hidden, title bar hidden
[2022.04.26-14.36.10:900][209]LogUObjectHash: Compacting FUObjectHashTables data took   1.15ms
[2022.04.26-14.36.10:939][209]LogMoviePlayer: Shutting down movie player
[2022.04.26-14.36.11:097][209]LogDemo: Cleaned up 0 splitscreen connections with owner deletion
[2022.04.26-14.36.11:103][209]LogExit: Game engine shut down
[2022.04.26-14.36.11:209][209]LogExit: Object subsystem successfully closed.
[2022.04.26-14.36.11:223][209]LogShaderCompilers: Display: === FShaderJobCache stats ===
[2022.04.26-14.36.11:223][209]LogShaderCompilers: Display: Total job queries 0, among them cache hits 0 (0.00%)
[2022.04.26-14.36.11:223][209]LogShaderCompilers: Display: Tracking 0 distinct input hashes that result in 0 distinct outputs (0.00%)
[2022.04.26-14.36.11:223][209]LogShaderCompilers: Display: RAM used: 0.00 MB (0.00 GB) of 819.20 MB (0.80 GB) budget. Usage: 0.00%
[2022.04.26-14.36.11:223][209]LogShaderCompilers: Display: ================================================
[2022.04.26-14.36.11:237][209]LogShaderCompilers: Display: Shaders left to compile 0
[2022.04.26-14.36.11:285][209]LogModuleManager: Shutting down and abandoning module SequenceRecorderSections (566)
[2022.04.26-14.36.11:285][209]LogModuleManager: Shutting down and abandoning module SequenceRecorder (564)
[2022.04.26-14.36.11:285][209]LogModuleManager: Shutting down and abandoning module AutomationController (562)
[2022.04.26-14.36.11:286][209]LogModuleManager: Shutting down and abandoning module AutomationWorker (560)
[2022.04.26-14.36.11:286][209]LogModuleManager: Shutting down and abandoning module Voice (558)
[2022.04.26-14.36.11:286][209]LogModuleManager: Shutting down and abandoning module AIModule (556)
[2022.04.26-14.36.11:287][209]LogModuleManager: Shutting down and abandoning module GameplayDebugger (555)
[2022.04.26-14.36.11:287][209]LogModuleManager: Shutting down and abandoning module AITestSuite (553)
[2022.04.26-14.36.11:287][209]LogModuleManager: Shutting down and abandoning module NavigationSystem (551)
[2022.04.26-14.36.11:287][209]LogModuleManager: Shutting down and abandoning module AnimGraph (548)
[2022.04.26-14.36.11:287][209]LogModuleManager: Shutting down and abandoning module SteamVREditor (546)
[2022.04.26-14.36.11:287][209]LogModuleManager: Shutting down and abandoning module ToolMenus (545)
[2022.04.26-14.36.11:287][209]LogModuleManager: Shutting down and abandoning module OculusMR (542)
[2022.04.26-14.36.11:287][209]LogModuleManager: Shutting down and abandoning module TakeRecorderSources (540)
[2022.04.26-14.36.11:288][209]LogModuleManager: Shutting down and abandoning module TakeRecorder (539)
[2022.04.26-14.36.11:288][209]LogModuleManager: Shutting down and abandoning module TakeTrackRecorders (536)
[2022.04.26-14.36.11:288][209]LogModuleManager: Shutting down and abandoning module TakesCore (534)
[2022.04.26-14.36.11:288][209]LogModuleManager: Shutting down and abandoning module OpenXRInput (532)
[2022.04.26-14.36.11:288][209]LogModuleManager: Shutting down and abandoning module WmfMediaFactory (530)
[2022.04.26-14.36.11:288][209]LogModuleManager: Shutting down and abandoning module WebMMediaFactory (528)
[2022.04.26-14.36.11:288][209]LogModuleManager: Shutting down and abandoning module WebMMedia (526)
[2022.04.26-14.36.11:289][209]LogModuleManager: Shutting down and abandoning module OpenExrWrapper (524)
[2022.04.26-14.36.11:289][209]LogModuleManager: Shutting down and abandoning module ImgMediaFactory (522)
[2022.04.26-14.36.11:289][209]LogModuleManager: Shutting down and abandoning module AvfMediaFactory (520)
[2022.04.26-14.36.11:289][209]LogModuleManager: Shutting down and abandoning module MagicLeapMediaCodecFactory (518)
[2022.04.26-14.36.11:289][209]LogModuleManager: Shutting down and abandoning module MagicLeapMediaFactory (516)
[2022.04.26-14.36.11:289][209]LogModuleManager: Shutting down and abandoning module PlanarCut (514)
[2022.04.26-14.36.11:289][209]LogModuleManager: Shutting down and abandoning module CharacterAI (512)
[2022.04.26-14.36.11:289][209]LogModuleManager: Shutting down and abandoning module SessionServices (510)
[2022.04.26-14.36.11:289][209]LogModuleManager: Shutting down and abandoning module MovieSceneCapture (508)
[2022.04.26-14.36.11:289][209]LogModuleManager: Shutting down and abandoning module LiveCoding (506)
[2022.04.26-14.36.11:289][209]LogModuleManager: Shutting down and abandoning module LevelSequence (504)
[2022.04.26-14.36.11:289][209]LogModuleManager: Shutting down and abandoning module MovieSceneTracks (502)
[2022.04.26-14.36.11:289][209]LogModuleManager: Shutting down and abandoning module MovieScene (500)
[2022.04.26-14.36.11:290][209]LogModuleManager: Shutting down and abandoning module StreamingPauseRendering (498)
[2022.04.26-14.36.11:290][209]LogModuleManager: Shutting down and abandoning module PortalServices (496)
[2022.04.26-14.36.11:290][209]LogModuleManager: Shutting down and abandoning module PortalRpc (494)
[2022.04.26-14.36.11:290][209]LogModuleManager: Shutting down and abandoning module MessagingRpc (492)
[2022.04.26-14.36.11:290][209]LogModuleManager: Shutting down and abandoning module AudioMixerXAudio2 (490)
[2022.04.26-14.36.11:290][209]LogModuleManager: Shutting down and abandoning module AudioMixerCore (489)
[2022.04.26-14.36.11:290][209]LogModuleManager: Shutting down and abandoning module ImageWriteQueue (486)
[2022.04.26-14.36.11:297][209]LogModuleManager: Shutting down and abandoning module ProfilerService (484)
[2022.04.26-14.36.11:327][209]LogModuleManager: Shutting down and abandoning module TaskGraph (482)
[2022.04.26-14.36.11:328][209]LogModuleManager: Shutting down and abandoning module OculusInput (480)
[2022.04.26-14.36.11:328][209]LogModuleManager: Shutting down and abandoning module TakeMovieScene (478)
[2022.04.26-14.36.11:328][209]LogModuleManager: Shutting down and abandoning module Synthesis (476)
[2022.04.26-14.36.11:329][209]LogModuleManager: Shutting down and abandoning module ProceduralMeshComponent (474)
[2022.04.26-14.36.11:329][209]LogModuleManager: Shutting down and abandoning module MediaCompositing (472)
[2022.04.26-14.36.11:329][209]LogModuleManager: Shutting down and abandoning module MobilePatchingUtils (470)
[2022.04.26-14.36.11:329][209]LogModuleManager: Shutting down and abandoning module GooglePAD (468)
[2022.04.26-14.36.11:329][209]LogModuleManager: Shutting down and abandoning module EditableMesh (466)
[2022.04.26-14.36.11:329][209]LogModuleManager: Shutting down and abandoning module CustomMeshComponent (464)
[2022.04.26-14.36.11:329][209]LogModuleManager: Shutting down and abandoning module CableComponent (462)
[2022.04.26-14.36.11:330][209]LogModuleManager: Shutting down and abandoning module AudioCapture (460)
[2022.04.26-14.36.11:330][209]LogModuleManager: Shutting down and abandoning module AudioCaptureRtAudio (459)
[2022.04.26-14.36.11:330][209]LogModuleManager: Shutting down and abandoning module AssetTags (456)
[2022.04.26-14.36.11:330][209]LogModuleManager: Shutting down and abandoning module ArchVisCharacter (454)
[2022.04.26-14.36.11:330][209]LogModuleManager: Shutting down and abandoning module AppleImageUtilsBlueprintSupport (452)
[2022.04.26-14.36.11:330][209]LogModuleManager: Shutting down and abandoning module AppleImageUtils (450)
[2022.04.26-14.36.11:330][209]LogModuleManager: Shutting down and abandoning module ActorLayerUtilities (448)
[2022.04.26-14.36.11:330][209]LogModuleManager: Shutting down and abandoning module AndroidPermission (446)
[2022.04.26-14.36.11:330][209]LogModuleManager: Shutting down and abandoning module ImgMedia (444)
[2022.04.26-14.36.11:330][209]LogModuleManager: Shutting down and abandoning module OpenImageDenoise (442)
[2022.04.26-14.36.11:330][209]LogOpenImageDenoise: OIDN shutting down
[2022.04.26-14.36.11:330][209]LogModuleManager: Shutting down and abandoning module TemplateSequence (440)
[2022.04.26-14.36.11:330][209]LogModuleManager: Shutting down and abandoning module LPSPSample (438)
[2022.04.26-14.36.11:330][209]LogModuleManager: Shutting down and abandoning module MagicLeapSharedWorld (436)
[2022.04.26-14.36.11:330][209]LogModuleManager: Shutting down and abandoning module MagicLeapLightEstimation (434)
[2022.04.26-14.36.11:330][209]LogModuleManager: Shutting down and abandoning module MagicLeapHelperVulkan (432)
[2022.04.26-14.36.11:330][209]LogModuleManager: Shutting down and abandoning module MagicLeapHelperOpenGL (430)
[2022.04.26-14.36.11:330][209]LogModuleManager: Shutting down and abandoning module MagicLeapAudio (428)
[2022.04.26-14.36.11:330][209]LogModuleManager: Shutting down and abandoning module MotoSynth (426)
[2022.04.26-14.36.11:330][209]LogModuleManager: Shutting down and abandoning module MeshConversion (424)
[2022.04.26-14.36.11:331][209]LogModuleManager: Shutting down and abandoning module DynamicMesh (422)
[2022.04.26-14.36.11:331][209]LogModuleManager: Shutting down and abandoning module GeometryAlgorithms (420)
[2022.04.26-14.36.11:332][209]LogModuleManager: Shutting down and abandoning module GeometricObjects (418)
[2022.04.26-14.36.11:333][209]LogModuleManager: Shutting down and abandoning module GeometryCollectionTracks (416)
[2022.04.26-14.36.11:333][209]LogModuleManager: Shutting down and abandoning module GeometryCollectionSequencer (415)
[2022.04.26-14.36.11:333][209]LogModuleManager: Shutting down and abandoning module GeometryCacheTracks (412)
[2022.04.26-14.36.11:333][209]LogModuleManager: Shutting down and abandoning module GeometryCacheSequencer (411)
[2022.04.26-14.36.11:333][209]LogModuleManager: Shutting down and abandoning module GeometryCache (408)
[2022.04.26-14.36.11:333][209]LogModuleManager: Shutting down and abandoning module GeometryCacheEd (407)
[2022.04.26-14.36.11:333][209]LogModuleManager: Shutting down and abandoning module ChaosNiagara (404)
[2022.04.26-14.36.11:333][209]LogModuleManager: Shutting down and abandoning module FieldSystemEngine (403)
[2022.04.26-14.36.11:333][209]LogModuleManager: Shutting down and abandoning module BackChannel (400)
[2022.04.26-14.36.11:333][209]LogModuleManager: Shutting down and abandoning module AutomationUtils (398)
[2022.04.26-14.36.11:333][209]LogModuleManager: Shutting down and abandoning module VisualStudioSourceCodeAccess (396)
[2022.04.26-14.36.11:333][209]LogModuleManager: Shutting down and abandoning module HotReload (395)
[2022.04.26-14.36.11:333][209]LogModuleManager: Shutting down and abandoning module VisualStudioCodeSourceCodeAccess (392)
[2022.04.26-14.36.11:333][209]LogModuleManager: Shutting down and abandoning module UObjectPlugin (390)
[2022.04.26-14.36.11:333][209]LogModuleManager: Shutting down and abandoning module SubversionSourceControl (388)
[2022.04.26-14.36.11:334][209]LogModuleManager: Shutting down and abandoning module PerforceSourceControl (386)
[2022.04.26-14.36.11:335][209]LogModuleManager: Shutting down and abandoning module SourceControl (385)
[2022.04.26-14.36.11:335][209]LogModuleManager: Shutting down and abandoning module CLionSourceCodeAccess (382)
[2022.04.26-14.36.11:335][209]LogModuleManager: Shutting down and abandoning module OodleNetworkHandlerComponent (380)
[2022.04.26-14.36.11:335][209]LogModuleManager: Shutting down and abandoning module LiveLinkSequencer (378)
[2022.04.26-14.36.11:335][209]LogModuleManager: Shutting down and abandoning module LiveLinkMovieScene (376)
[2022.04.26-14.36.11:335][209]LogModuleManager: Shutting down and abandoning module LiveLinkGraphNode (374)
[2022.04.26-14.36.11:335][209]LogModuleManager: Shutting down and abandoning module LiveLinkComponents (372)
[2022.04.26-14.36.11:335][209]LogModuleManager: Shutting down and abandoning module LiveLink (370)
[2022.04.26-14.36.11:969][209]LogModuleManager: Shutting down and abandoning module SignificanceManager (368)
[2022.04.26-14.36.11:969][209]LogModuleManager: Shutting down and abandoning module RuntimePhysXCooking (366)
[2022.04.26-14.36.11:969][209]LogModuleManager: Shutting down and abandoning module SoundFields (364)
[2022.04.26-14.36.11:969][209]LogModuleManager: Shutting down and abandoning module PropertyAccessEditor (362)
[2022.04.26-14.36.11:969][209]LogModuleManager: Shutting down and abandoning module PhysXVehiclesEditor (360)
[2022.04.26-14.36.11:969][209]LogModuleManager: Shutting down and abandoning module LocationServicesBPLibrary (356)
[2022.04.26-14.36.11:969][209]LogModuleManager: Shutting down and abandoning module AudioSynesthesia (354)
[2022.04.26-14.36.11:970][209]LogModuleManager: Shutting down and abandoning module AudioSynesthesiaCore (352)
[2022.04.26-14.36.11:970][209]LogModuleManager: Shutting down and abandoning module ApexDestructionEditor (350)
[2022.04.26-14.36.11:970][209]LogModuleManager: Shutting down and abandoning module ApexDestruction (348)
[2022.04.26-14.36.11:971][209]LogModuleManager: Shutting down and abandoning module ImgMediaEngine (346)
[2022.04.26-14.36.11:971][209]LogModuleManager: Shutting down and abandoning module TcpMessaging (344)
[2022.04.26-14.36.12:072][209]LogModuleManager: Shutting down and abandoning module ActorSequence (342)
[2022.04.26-14.36.12:072][209]LogModuleManager: Shutting down and abandoning module UdpMessaging (340)
[2022.04.26-14.36.12:173][209]LogModuleManager: Shutting down and abandoning module MagicLeapARPin (338)
[2022.04.26-14.36.12:173][209]LogModuleManager: Shutting down and abandoning module MagicLeapHandMeshing (336)
[2022.04.26-14.36.12:173][209]LogModuleManager: Shutting down and abandoning module MagicLeapSecureStorage (334)
[2022.04.26-14.36.12:173][209]LogModuleManager: Shutting down and abandoning module MagicLeapPrivileges (332)
[2022.04.26-14.36.12:173][209]LogModuleManager: Shutting down and abandoning module MagicLeapPlanes (330)
[2022.04.26-14.36.12:174][209]LogMagicLeapPlanes: Planes tracker already destroyed.
[2022.04.26-14.36.12:174][209]LogModuleManager: Shutting down and abandoning module MagicLeapImageTracker (328)
[2022.04.26-14.36.12:174][209]LogModuleManager: Shutting down and abandoning module MagicLeapIdentity (326)
[2022.04.26-14.36.12:174][209]LogModuleManager: Shutting down and abandoning module MagicLeapHandTracking (324)
[2022.04.26-14.36.12:174][209]LogModuleManager: Shutting down and abandoning module MagicLeapEyeTracker (322)
[2022.04.26-14.36.12:174][209]LogModuleManager: Shutting down and abandoning module MagicLeapController (320)
[2022.04.26-14.36.12:174][209]LogModuleManager: Shutting down and abandoning module MagicLeapARPinImpl (318)
[2022.04.26-14.36.12:174][209]LogModuleManager: Shutting down and abandoning module MagicLeapAR (316)
[2022.04.26-14.36.12:174][209]LogModuleManager: Shutting down and abandoning module PythonScriptPlugin (314)
[2022.04.26-14.36.12:174][209]LogModuleManager: Shutting down and abandoning module AssetManagerEditor (312)
[2022.04.26-14.36.12:175][209]LogModuleManager: Shutting down and abandoning module TreeMap (311)
[2022.04.26-14.36.12:175][209]LogModuleManager: Shutting down and abandoning module NiagaraAnimNotifies (308)
[2022.04.26-14.36.12:175][209]LogModuleManager: Shutting down and abandoning module Niagara (306)
[2022.04.26-14.36.12:176][209]LogModuleManager: Shutting down and abandoning module SignalProcessing (305)
[2022.04.26-14.36.12:177][209]LogModuleManager: Shutting down and abandoning module NiagaraEditor (303)
[2022.04.26-14.36.12:178][209]LogModuleManager: Shutting down and abandoning module ContentBrowser (302)
[2022.04.26-14.36.12:178][209]LogModuleManager: Shutting down and abandoning module CollectionManager (301)
[2022.04.26-14.36.12:179][209]LogModuleManager: Shutting down and abandoning module DirectoryWatcher (300)
[2022.04.26-14.36.12:179][209]LogModuleManager: Shutting down and abandoning module ContentBrowserData (297)
[2022.04.26-14.36.12:179][209]LogModuleManager: Shutting down and abandoning module NiagaraCore (292)
[2022.04.26-14.36.12:179][209]LogModuleManager: Shutting down and abandoning module GameplayTagsEditor (290)
[2022.04.26-14.36.12:180][209]LogModuleManager: Shutting down and abandoning module FacialAnimation (288)
[2022.04.26-14.36.12:180][209]LogModuleManager: Shutting down and abandoning module PropertyAccessNode (286)
[2022.04.26-14.36.12:180][209]LogModuleManager: Shutting down and abandoning module AnimationSharing (284)
[2022.04.26-14.36.12:180][209]LogModuleManager: Shutting down and abandoning module GameplayCameras (282)
[2022.04.26-14.36.12:180][209]LogModuleManager: Shutting down and abandoning module LightPropagationVolumeRuntime (280)
[2022.04.26-14.36.12:180][209]LogModuleManager: Shutting down and abandoning module EnvironmentQueryEditor (278)
[2022.04.26-14.36.12:181][209]LogModuleManager: Shutting down and abandoning module Paper2D (276)
[2022.04.26-14.36.12:181][209]LogModuleManager: Shutting down and abandoning module WindowsMoviePlayer (274)
[2022.04.26-14.36.12:182][209]LogModuleManager: Shutting down and abandoning module WebMMoviePlayer (272)
[2022.04.26-14.36.12:182][209]LogModuleManager: Shutting down and abandoning module NetworkReplayStreaming (270)
[2022.04.26-14.36.12:182][209]LogModuleManager: Shutting down and abandoning module PacketHandler (268)
[2022.04.26-14.36.12:182][209]LogModuleManager: Shutting down and abandoning module ClothingSystemEditor (266)
[2022.04.26-14.36.12:182][209]LogModuleManager: Shutting down and abandoning module ClothingSystemRuntimeNv (264)
[2022.04.26-14.36.12:183][209]LogModuleManager: Shutting down and abandoning module MediaAssets (262)
[2022.04.26-14.36.12:183][209]LogModuleManager: Shutting down and abandoning module Overlay (260)
[2022.04.26-14.36.12:183][209]LogModuleManager: Shutting down and abandoning module OverlayEditor (259)
[2022.04.26-14.36.12:183][209]LogModuleManager: Shutting down and abandoning module VREditor (256)
[2022.04.26-14.36.12:183][209]LogModuleManager: Shutting down and abandoning module StringTableEditor (254)
[2022.04.26-14.36.12:184][209]LogModuleManager: Shutting down and abandoning module GameplayTasksEditor (252)
[2022.04.26-14.36.12:184][209]LogModuleManager: Shutting down and abandoning module BehaviorTreeEditor (250)
[2022.04.26-14.36.12:184][209]LogModuleManager: Shutting down and abandoning module FunctionalTesting (248)
[2022.04.26-14.36.12:184][209]LogModuleManager: Shutting down and abandoning module CollisionAnalyzer (246)
[2022.04.26-14.36.12:185][209]LogModuleManager: Shutting down and abandoning module WorkspaceMenuStructure (245)
[2022.04.26-14.36.12:185][209]LogModuleManager: Shutting down and abandoning module UMG (242)
[2022.04.26-14.36.12:185][209]LogModuleManager: Shutting down and abandoning module UMGEditor (241)
[2022.04.26-14.36.12:185][209]LogModuleManager: Shutting down and abandoning module Sequencer (240)
[2022.04.26-14.36.12:185][209]LogModuleManager: Shutting down and abandoning module MessageLog (237)
[2022.04.26-14.36.12:186][209]LogModuleManager: Shutting down and abandoning module SlateReflector (232)
[2022.04.26-14.36.12:187][209]LogModuleManager: Shutting down and abandoning module Slate (230)
[2022.04.26-14.36.12:187][209]LogModuleManager: Shutting down and abandoning module SlateCore (228)
[2022.04.26-14.36.12:188][209]LogModuleManager: Shutting down and abandoning module LandscapeEditorUtilities (226)
[2022.04.26-14.36.12:188][209]LogModuleManager: Shutting down and abandoning module UnrealEd (224)
[2022.04.26-14.36.12:189][209]LogModuleManager: Shutting down and abandoning module MRMesh (222)
[2022.04.26-14.36.12:189][209]LogModuleManager: Shutting down and abandoning module Messaging (220)
[2022.04.26-14.36.12:189][209]LogModuleManager: Shutting down and abandoning module SourceCodeAccess (218)
[2022.04.26-14.36.12:189][209]LogModuleManager: Shutting down and abandoning module HeadMountedDisplay (216)
[2022.04.26-14.36.12:189][209]LogModuleManager: Shutting down and abandoning module XAudio2 (214)
[2022.04.26-14.36.12:189][209]LogModuleManager: Shutting down and abandoning module Networking (212)
[2022.04.26-14.36.12:189][209]LogModuleManager: Shutting down and abandoning module Core (210)
[2022.04.26-14.36.12:189][209]LogModuleManager: Shutting down and abandoning module MaterialEditor (208)
[2022.04.26-14.36.12:190][209]LogModuleManager: Shutting down and abandoning module MovieSceneTools (206)
[2022.04.26-14.36.12:190][209]LogModuleManager: Shutting down and abandoning module EditorStyle (205)
[2022.04.26-14.36.12:190][209]LogModuleManager: Shutting down and abandoning module KismetCompiler (202)
[2022.04.26-14.36.12:190][209]LogModuleManager: Shutting down and abandoning module MeshBuilder (200)
[2022.04.26-14.36.12:191][209]LogModuleManager: Shutting down and abandoning module MeshUtilities (198)
[2022.04.26-14.36.12:191][209]LogModuleManager: Shutting down and abandoning module MeshMergeUtilities (197)
[2022.04.26-14.36.12:191][209]LogModuleManager: Shutting down and abandoning module MeshReductionInterface (196)
[2022.04.26-14.36.12:191][209]LogModuleManager: Shutting down and abandoning module MeshBoneReduction (195)
[2022.04.26-14.36.12:191][209]LogModuleManager: Shutting down and abandoning module SkeletalMeshReduction (193)
[2022.04.26-14.36.12:191][209]LogModuleManager: Shutting down and abandoning module ProxyLODMeshReduction (191)
[2022.04.26-14.36.12:192][209]LogModuleManager: Shutting down and abandoning module QuadricMeshReduction (189)
[2022.04.26-14.36.12:192][209]LogModuleManager: Shutting down and abandoning module MaterialBaking (185)
[2022.04.26-14.36.12:192][209]LogModuleManager: Shutting down and abandoning module NullInstallBundleManager (180)
[2022.04.26-14.36.12:192][209]LogModuleManager: Shutting down and abandoning module PIEPreviewDeviceProfileSelector (178)
[2022.04.26-14.36.12:192][209]LogModuleManager: Shutting down and abandoning module DerivedDataCache (176)
[2022.04.26-14.36.12:193][209]LogModuleManager: Shutting down and abandoning module TargetPlatform (174)
[2022.04.26-14.36.12:193][209]LogModuleManager: Shutting down and abandoning module VulkanShaderFormat (173)
[2022.04.26-14.36.12:194][209]LogModuleManager: Shutting down and abandoning module ShaderFormatVectorVM (171)
[2022.04.26-14.36.12:194][209]LogModuleManager: Shutting down and abandoning module ShaderFormatOpenGL (169)
[2022.04.26-14.36.12:194][209]LogModuleManager: Shutting down and abandoning module ShaderFormatD3D (167)
[2022.04.26-14.36.12:195][209]LogModuleManager: Shutting down and abandoning module MetalShaderFormat (165)
[2022.04.26-14.36.12:195][209]LogModuleManager: Shutting down and abandoning module TextureFormatOodle (163)
[2022.04.26-14.36.12:195][209]LogModuleManager: Shutting down and abandoning module TextureFormatUncompressed (161)
[2022.04.26-14.36.12:195][209]LogModuleManager: Shutting down and abandoning module TextureFormatPVR (159)
[2022.04.26-14.36.12:195][209]LogModuleManager: Shutting down and abandoning module TextureFormatETC2 (157)
[2022.04.26-14.36.12:195][209]LogModuleManager: Shutting down and abandoning module TextureFormatDXT (155)
[2022.04.26-14.36.12:195][209]LogModuleManager: Shutting down and abandoning module TextureFormatIntelISPCTexComp (153)
[2022.04.26-14.36.12:196][209]LogModuleManager: Shutting down and abandoning module TextureFormatASTC (151)
[2022.04.26-14.36.12:196][209]LogModuleManager: Shutting down and abandoning module ImageWrapper (150)
[2022.04.26-14.36.12:196][209]LogModuleManager: Shutting down and abandoning module AudioFormatOpus (147)
[2022.04.26-14.36.12:196][209]LogModuleManager: Shutting down and abandoning module AudioFormatOgg (145)
[2022.04.26-14.36.12:196][209]LogModuleManager: Shutting down and abandoning module AudioFormatADPCM (143)
[2022.04.26-14.36.12:196][209]LogModuleManager: Shutting down and abandoning module WindowsServerTargetPlatform (141)
[2022.04.26-14.36.12:196][209]LogModuleManager: Shutting down and abandoning module WindowsClientTargetPlatform (139)
[2022.04.26-14.36.12:196][209]LogModuleManager: Shutting down and abandoning module WindowsTargetPlatform (137)
[2022.04.26-14.36.12:196][209]LogModuleManager: Shutting down and abandoning module WindowsNoEditorTargetPlatform (135)
[2022.04.26-14.36.12:196][209]LogModuleManager: Shutting down and abandoning module D3D11RHI (132)
[2022.04.26-14.36.12:196][209]LogModuleManager: Shutting down and abandoning module InputCore (130)
[2022.04.26-14.36.12:196][209]LogModuleManager: Shutting down and abandoning module Settings (128)
[2022.04.26-14.36.12:196][209]LogModuleManager: Shutting down and abandoning module PhysXCooking (126)
[2022.04.26-14.36.12:196][209]LogModuleManager: Shutting down and abandoning module Chaos (124)
[2022.04.26-14.36.12:196][209]LogModuleManager: Shutting down and abandoning module WindowsPlatformFeatures (122)
[2022.04.26-14.36.12:196][209]LogModuleManager: Shutting down and abandoning module GameplayMediaEncoder (121)
[2022.04.26-14.36.12:196][209]LogModuleManager: Shutting down and abandoning module AVEncoder (120)
[2022.04.26-14.36.12:197][209]LogModuleManager: Shutting down and abandoning module SteamVRInputDevice (116)
[2022.04.26-14.36.12:197][209]LogModuleManager: Shutting down and abandoning module SteamVRInput (114)
[2022.04.26-14.36.12:197][209]LogModuleManager: Shutting down and abandoning module SteamVR (112)
[2022.04.26-14.36.12:197][209]LogHMD: Freeing OpenVRDLLHandle.
[2022.04.26-14.36.12:197][209]LogModuleManager: Shutting down and abandoning module OculusHMD (110)
[2022.04.26-14.36.12:197][209]LogModuleManager: Shutting down and abandoning module OpenXREyeTracker (108)
[2022.04.26-14.36.12:197][209]LogModuleManager: Shutting down and abandoning module OpenXRHandTracking (106)
[2022.04.26-14.36.12:197][209]LogSlate: Slate User Destroyed.  User Index 0, Is Virtual User: 0
[2022.04.26-14.36.12:197][209]LogModuleManager: Shutting down and abandoning module OpenXRAR (104)
[2022.04.26-14.36.12:197][209]LogModuleManager: Shutting down and abandoning module AugmentedReality (103)
[2022.04.26-14.36.12:197][209]LogModuleManager: Shutting down and abandoning module OpenXRHMD (100)
[2022.04.26-14.36.12:198][209]LogModuleManager: Shutting down and abandoning module ExampleDeviceProfileSelector (98)
[2022.04.26-14.36.12:198][209]LogModuleManager: Shutting down and abandoning module ChunkDownloader (96)
[2022.04.26-14.36.12:198][209]LogModuleManager: Shutting down and abandoning module WmfMedia (94)
[2022.04.26-14.36.12:201][209]LogModuleManager: Shutting down and abandoning module Media (93)
[2022.04.26-14.36.12:203][209]LogModuleManager: Shutting down and abandoning module MediaInfo (92)
[2022.04.26-14.36.12:203][209]LogModuleManager: Shutting down and abandoning module ExrReaderGpu (88)
[2022.04.26-14.36.12:203][209]LogModuleManager: Shutting down and abandoning module LauncherChunkInstaller (86)
[2022.04.26-14.36.12:203][209]LogModuleManager: Shutting down and abandoning module OnlineBlueprintSupport (84)
[2022.04.26-14.36.12:203][209]LogModuleManager: Shutting down and abandoning module OnlineSubsystem (80)
[2022.04.26-14.36.12:208][209]LogModuleManager: Shutting down and abandoning module XMPP (75)
[2022.04.26-14.36.12:209][209]LogModuleManager: Shutting down and abandoning module WebSockets (74)
[2022.04.26-14.36.12:218][209]LogModuleManager: Shutting down and abandoning module HTTP (71)
[2022.04.26-14.36.12:218][209]LogHttp: Display: cleaning up 0 outstanding Http requests.
[2022.04.26-14.36.12:219][209]LogModuleManager: Shutting down and abandoning module SSL (70)
[2022.04.26-14.36.12:220][209]LogModuleManager: Shutting down and abandoning module MLSDK (66)
[2022.04.26-14.36.12:220][209]LogModuleManager: Shutting down and abandoning module MagicLeap (64)
[2022.04.26-14.36.12:220][209]LogModuleManager: Shutting down and abandoning module DatasmithContent (62)
[2022.04.26-14.36.12:221][209]LogModuleManager: Shutting down and abandoning module VariantManagerContent (60)
[2022.04.26-14.36.12:221][209]LogModuleManager: Shutting down and abandoning module NiagaraVertexFactories (58)
[2022.04.26-14.36.12:221][209]LogModuleManager: Shutting down and abandoning module NiagaraShader (56)
[2022.04.26-14.36.12:221][209]LogModuleManager: Shutting down and abandoning module ChaosCloth (54)
[2022.04.26-14.36.12:222][209]LogModuleManager: Shutting down and abandoning module PixWinPlugin (52)
[2022.04.26-14.36.12:222][209]LogModuleManager: Shutting down and abandoning module AISupportModule (50)
[2022.04.26-14.36.12:222][209]LogModuleManager: Shutting down and abandoning module DesktopPlatform (48)
[2022.04.26-14.36.12:222][209]LogModuleManager: Shutting down and abandoning module PythonScriptPluginPreload (46)
[2022.04.26-14.36.12:222][209]LogModuleManager: Shutting down and abandoning module PlatformCryptoOpenSSL (44)
[2022.04.26-14.36.12:222][209]LogModuleManager: Shutting down and abandoning module PlatformCryptoTypes (42)
[2022.04.26-14.36.12:222][209]LogModuleManager: Shutting down and abandoning module PlatformCrypto (40)
[2022.04.26-14.36.12:222][209]LogModuleManager: Shutting down and abandoning module OodleDataCompressionFormat (38)
[2022.04.26-14.36.12:222][209]LogModuleManager: Shutting down and abandoning module XGEController (36)
[2022.04.26-14.36.12:223][209]LogModuleManager: Shutting down and abandoning module AnimationModifiers (34)
[2022.04.26-14.36.12:223][209]LogModuleManager: Shutting down and abandoning module AudioEditor (32)
[2022.04.26-14.36.12:224][209]LogModuleManager: Shutting down and abandoning module PropertyEditor (31)
[2022.04.26-14.36.12:224][209]LogModuleManager: Shutting down and abandoning module TextureCompressor (28)
[2022.04.26-14.36.12:224][209]LogModuleManager: Shutting down and abandoning module RenderCore (26)
[2022.04.26-14.36.12:224][209]LogModuleManager: Shutting down and abandoning module Landscape (24)
[2022.04.26-14.36.12:224][209]LogModuleManager: Shutting down and abandoning module SlateRHIRenderer (22)
[2022.04.26-14.36.12:224][209]LogModuleManager: Shutting down and abandoning module AnimGraphRuntime (20)
[2022.04.26-14.36.12:225][209]LogModuleManager: Shutting down and abandoning module Renderer (18)
[2022.04.26-14.36.12:225][209]LogModuleManager: Shutting down and abandoning module Engine (16)
[2022.04.26-14.36.12:225][209]LogModuleManager: Shutting down and abandoning module CoreUObject (14)
[2022.04.26-14.36.12:225][209]LogModuleManager: Shutting down and abandoning module NetworkFile (12)
[2022.04.26-14.36.12:225][209]LogModuleManager: Shutting down and abandoning module CookedIterativeFile (10)
[2022.04.26-14.36.12:225][209]LogModuleManager: Shutting down and abandoning module StreamingFile (8)
[2022.04.26-14.36.12:225][209]LogModuleManager: Shutting down and abandoning module SandboxFile (6)
[2022.04.26-14.36.12:226][209]LogModuleManager: Shutting down and abandoning module PakFile (4)
[2022.04.26-14.36.12:226][209]LogModuleManager: Shutting down and abandoning module RSA (3)
[2022.04.26-14.36.12:651][209]LogContentStreaming: Display: There are 1 unreleased StreamingManagers
[2022.04.26-14.36.12:679][209]LogD3D11RHI: Shutdown
[2022.04.26-14.36.12:679][209]LogD3D11RHI: CleanupD3DDevice
[2022.04.26-14.36.12:685][209]LogExit: Exiting.
[2022.04.26-14.36.12:694][209]Log file closed, 04/26/22 10:36:12
